[2026-04-17 04:03:34] [INFO] Synced 34 sports
[2026-04-17 04:03:35] [INFO] Live sync done {"events":5,"markets":62,"selections":139,"duration_ms":539}
[2026-04-17 04:03:35] [WARN] HTTP 500 on GetUpcoming (attempt 1)
[2026-04-17 04:03:38] [WARN] HTTP 500 on GetUpcoming (attempt 2)
[2026-04-17 04:03:40] [WARN] HTTP 500 on GetUpcoming (attempt 3)
[2026-04-17 04:03:40] [ERROR] All 3 attempts failed for GetUpcoming
[2026-04-17 04:03:40] [INFO] Upcoming sync done {"events":0,"markets":0,"selections":0,"duration_ms":5425}
[2026-04-17 04:03:40] [INFO] SelfHealer: deactivated 11 zero-odds selections
[2026-04-17 04:04:16] [WARN] HTTP 500 on GetUpcoming (attempt 1)
[2026-04-17 04:04:18] [WARN] HTTP 500 on GetUpcoming (attempt 2)
[2026-04-17 04:04:21] [WARN] HTTP 500 on GetUpcoming (attempt 3)
[2026-04-17 04:04:21] [ERROR] All 3 attempts failed for GetUpcoming
[2026-04-17 04:04:43] [WARN] HTTP 500 on GetUpcoming (attempt 1)
[2026-04-17 04:04:46] [WARN] HTTP 500 on GetUpcoming (attempt 2)
[2026-04-17 04:04:48] [WARN] HTTP 500 on GetUpcoming (attempt 3)
[2026-04-17 04:04:48] [ERROR] All 3 attempts failed for GetUpcoming
[2026-04-17 04:05:21] [WARN] HTTP 500 on GetUpcoming (attempt 1)
[2026-04-17 04:05:24] [WARN] HTTP 500 on GetUpcoming (attempt 2)
[2026-04-17 04:05:26] [WARN] HTTP 500 on GetUpcoming (attempt 3)
[2026-04-17 04:05:26] [ERROR] All 3 attempts failed for GetUpcoming
[2026-04-17 04:05:27] [WARN] HTTP 500 on GetUpcoming (attempt 1)
[2026-04-17 04:05:29] [WARN] HTTP 500 on GetUpcoming (attempt 2)
[2026-04-17 04:05:32] [WARN] HTTP 500 on GetUpcoming (attempt 3)
[2026-04-17 04:05:32] [ERROR] All 3 attempts failed for GetUpcoming
[2026-04-17 04:05:32] [WARN] HTTP 500 on GetUpcoming (attempt 1)
[2026-04-17 04:05:35] [WARN] HTTP 500 on GetUpcoming (attempt 2)
[2026-04-17 04:05:37] [WARN] HTTP 500 on GetUpcoming (attempt 3)
[2026-04-17 04:05:37] [ERROR] All 3 attempts failed for GetUpcoming
[2026-04-17 04:05:38] [WARN] HTTP 500 on GetUpcoming (attempt 1)
[2026-04-17 04:05:40] [WARN] HTTP 500 on GetUpcoming (attempt 2)
[2026-04-17 04:05:43] [WARN] HTTP 500 on GetUpcoming (attempt 3)
[2026-04-17 04:05:43] [ERROR] All 3 attempts failed for GetUpcoming
[2026-04-17 04:05:45] [WARN] HTTP 500 on GetUpcoming (attempt 1)
[2026-04-17 04:05:47] [WARN] HTTP 500 on GetUpcoming (attempt 2)
[2026-04-17 04:05:50] [WARN] HTTP 500 on GetUpcoming (attempt 3)
[2026-04-17 04:05:50] [ERROR] All 3 attempts failed for GetUpcoming
[2026-04-17 04:05:50] [WARN] HTTP 500 on GetUpcoming (attempt 1)
[2026-04-17 04:05:53] [WARN] HTTP 500 on GetUpcoming (attempt 2)
[2026-04-17 04:05:55] [WARN] HTTP 500 on GetUpcoming (attempt 3)
[2026-04-17 04:05:55] [ERROR] All 3 attempts failed for GetUpcoming
[2026-04-17 04:05:56] [WARN] HTTP 500 on GetUpcoming (attempt 1)
[2026-04-17 04:05:59] [WARN] HTTP 500 on GetUpcoming (attempt 2)
[2026-04-17 04:06:01] [WARN] HTTP 500 on GetUpcoming (attempt 3)
[2026-04-17 04:06:01] [ERROR] All 3 attempts failed for GetUpcoming
[2026-04-17 04:06:02] [WARN] HTTP 500 on GetUpcoming (attempt 1)
[2026-04-17 04:06:04] [WARN] HTTP 500 on GetUpcoming (attempt 2)
[2026-04-17 04:06:07] [WARN] HTTP 500 on GetUpcoming (attempt 3)
[2026-04-17 04:06:07] [ERROR] All 3 attempts failed for GetUpcoming
[2026-04-17 04:06:07] [WARN] HTTP 500 on GetUpcoming (attempt 1)
[2026-04-17 04:06:10] [WARN] HTTP 500 on GetUpcoming (attempt 2)
[2026-04-17 04:06:12] [WARN] HTTP 500 on GetUpcoming (attempt 3)
[2026-04-17 04:06:12] [ERROR] All 3 attempts failed for GetUpcoming
[2026-04-17 04:06:13] [WARN] HTTP 500 on GetUpcoming (attempt 1)
[2026-04-17 04:06:15] [WARN] HTTP 500 on GetUpcoming (attempt 2)
[2026-04-17 04:06:18] [WARN] HTTP 500 on GetUpcoming (attempt 3)
[2026-04-17 04:06:18] [ERROR] All 3 attempts failed for GetUpcoming
[2026-04-17 04:06:18] [WARN] HTTP 500 on GetUpcoming (attempt 1)
[2026-04-17 04:06:21] [WARN] HTTP 500 on GetUpcoming (attempt 2)
[2026-04-17 04:06:23] [WARN] HTTP 500 on GetUpcoming (attempt 3)
[2026-04-17 04:06:23] [ERROR] All 3 attempts failed for GetUpcoming
[2026-04-17 04:06:24] [WARN] HTTP 500 on GetUpcoming (attempt 1)
[2026-04-17 04:06:26] [WARN] HTTP 500 on GetUpcoming (attempt 2)
[2026-04-17 04:06:29] [WARN] HTTP 500 on GetUpcoming (attempt 3)
[2026-04-17 04:06:29] [ERROR] All 3 attempts failed for GetUpcoming
[2026-04-17 04:06:29] [WARN] HTTP 500 on GetUpcoming (attempt 1)
[2026-04-17 04:06:32] [WARN] HTTP 500 on GetUpcoming (attempt 2)
[2026-04-17 04:06:34] [WARN] HTTP 500 on GetUpcoming (attempt 3)
[2026-04-17 04:06:34] [ERROR] All 3 attempts failed for GetUpcoming
[2026-04-17 04:06:35] [WARN] HTTP 500 on GetUpcoming (attempt 1)
[2026-04-17 04:06:38] [WARN] HTTP 500 on GetUpcoming (attempt 2)
[2026-04-17 04:06:40] [WARN] HTTP 500 on GetUpcoming (attempt 3)
[2026-04-17 04:06:40] [ERROR] All 3 attempts failed for GetUpcoming
[2026-04-17 04:06:41] [WARN] HTTP 500 on GetUpcoming (attempt 1)
[2026-04-17 04:06:43] [WARN] HTTP 500 on GetUpcoming (attempt 2)
[2026-04-17 04:06:46] [WARN] HTTP 500 on GetUpcoming (attempt 3)
[2026-04-17 04:06:46] [ERROR] All 3 attempts failed for GetUpcoming
[2026-04-17 04:06:47] [WARN] HTTP 500 on GetUpcoming (attempt 1)
[2026-04-17 04:06:49] [WARN] HTTP 500 on GetUpcoming (attempt 2)
[2026-04-17 04:06:52] [WARN] HTTP 500 on GetUpcoming (attempt 3)
[2026-04-17 04:06:52] [ERROR] All 3 attempts failed for GetUpcoming
[2026-04-17 04:06:52] [WARN] HTTP 500 on GetUpcoming (attempt 1)
[2026-04-17 04:06:55] [WARN] HTTP 500 on GetUpcoming (attempt 2)
[2026-04-17 04:06:57] [WARN] HTTP 500 on GetUpcoming (attempt 3)
[2026-04-17 04:06:57] [ERROR] All 3 attempts failed for GetUpcoming
[2026-04-17 04:06:58] [WARN] HTTP 500 on GetUpcoming (attempt 1)
[2026-04-17 04:07:01] [WARN] HTTP 500 on GetUpcoming (attempt 2)
[2026-04-17 04:07:03] [WARN] HTTP 500 on GetUpcoming (attempt 3)
[2026-04-17 04:07:03] [ERROR] All 3 attempts failed for GetUpcoming
[2026-04-17 04:07:04] [WARN] HTTP 500 on GetUpcoming (attempt 1)
[2026-04-17 04:07:06] [WARN] HTTP 500 on GetUpcoming (attempt 2)
[2026-04-17 04:07:09] [WARN] HTTP 500 on GetUpcoming (attempt 3)
[2026-04-17 04:07:09] [ERROR] All 3 attempts failed for GetUpcoming
[2026-04-17 04:07:09] [WARN] HTTP 500 on GetUpcoming (attempt 1)
[2026-04-17 04:07:12] [WARN] HTTP 500 on GetUpcoming (attempt 2)
[2026-04-17 04:07:15] [WARN] HTTP 500 on GetUpcoming (attempt 3)
[2026-04-17 04:07:15] [ERROR] All 3 attempts failed for GetUpcoming
[2026-04-17 04:07:16] [WARN] HTTP 500 on GetUpcoming (attempt 1)
[2026-04-17 04:07:19] [WARN] HTTP 500 on GetUpcoming (attempt 2)
[2026-04-17 04:07:21] [WARN] HTTP 500 on GetUpcoming (attempt 3)
[2026-04-17 04:07:21] [ERROR] All 3 attempts failed for GetUpcoming
[2026-04-17 04:07:23] [WARN] HTTP 500 on GetUpcoming (attempt 1)
[2026-04-17 04:07:25] [WARN] HTTP 500 on GetUpcoming (attempt 2)
[2026-04-17 04:07:28] [WARN] HTTP 500 on GetUpcoming (attempt 3)
[2026-04-17 04:07:28] [ERROR] All 3 attempts failed for GetUpcoming
[2026-04-17 04:11:46] [INFO] Synced 34 sports
[2026-04-17 04:11:47] [INFO] Live sync done {"events":5,"markets":62,"selections":139,"duration_ms":551}
[2026-04-17 04:11:54] [WARN] HTTP 500 on GetUpcoming (attempt 1)
[2026-04-17 04:11:56] [WARN] HTTP 500 on GetUpcoming (attempt 2)
[2026-04-17 04:11:59] [WARN] HTTP 500 on GetUpcoming (attempt 3)
[2026-04-17 04:11:59] [ERROR] All 3 attempts failed for GetUpcoming
[2026-04-17 04:11:59] [WARN] HTTP 500 on GetUpcoming (attempt 1)
[2026-04-17 04:12:02] [WARN] HTTP 500 on GetUpcoming (attempt 2)
[2026-04-17 04:12:04] [WARN] HTTP 500 on GetUpcoming (attempt 3)
[2026-04-17 04:12:04] [ERROR] All 3 attempts failed for GetUpcoming
[2026-04-17 04:12:05] [WARN] HTTP 500 on GetUpcoming (attempt 1)
[2026-04-17 04:12:07] [WARN] HTTP 500 on GetUpcoming (attempt 2)
[2026-04-17 04:12:10] [WARN] HTTP 500 on GetUpcoming (attempt 3)
[2026-04-17 04:12:10] [ERROR] All 3 attempts failed for GetUpcoming
[2026-04-17 04:12:10] [WARN] HTTP 500 on GetUpcoming (attempt 1)
[2026-04-17 04:12:13] [WARN] HTTP 500 on GetUpcoming (attempt 2)
[2026-04-17 04:12:15] [WARN] HTTP 500 on GetUpcoming (attempt 3)
[2026-04-17 04:12:15] [ERROR] All 3 attempts failed for GetUpcoming
[2026-04-17 04:12:17] [WARN] HTTP 500 on GetUpcoming (attempt 1)
[2026-04-17 04:12:20] [WARN] HTTP 500 on GetUpcoming (attempt 2)
[2026-04-17 04:12:22] [WARN] HTTP 500 on GetUpcoming (attempt 3)
[2026-04-17 04:12:22] [ERROR] All 3 attempts failed for GetUpcoming
[2026-04-17 04:12:23] [WARN] HTTP 500 on GetUpcoming (attempt 1)
[2026-04-17 04:12:25] [WARN] HTTP 500 on GetUpcoming (attempt 2)
[2026-04-17 04:12:28] [WARN] HTTP 500 on GetUpcoming (attempt 3)
[2026-04-17 04:12:28] [ERROR] All 3 attempts failed for GetUpcoming
[2026-04-17 04:12:29] [WARN] HTTP 500 on GetUpcoming (attempt 1)
[2026-04-17 04:12:32] [WARN] HTTP 500 on GetUpcoming (attempt 2)
[2026-04-17 04:12:34] [WARN] HTTP 500 on GetUpcoming (attempt 3)
[2026-04-17 04:12:34] [ERROR] All 3 attempts failed for GetUpcoming
[2026-04-17 04:12:35] [WARN] HTTP 500 on GetUpcoming (attempt 1)
[2026-04-17 04:12:37] [WARN] HTTP 500 on GetUpcoming (attempt 2)
[2026-04-17 04:12:40] [WARN] HTTP 500 on GetUpcoming (attempt 3)
[2026-04-17 04:12:40] [ERROR] All 3 attempts failed for GetUpcoming
[2026-04-17 04:12:40] [WARN] HTTP 500 on GetUpcoming (attempt 1)
[2026-04-17 04:12:43] [WARN] HTTP 500 on GetUpcoming (attempt 2)
[2026-04-17 04:12:45] [WARN] HTTP 500 on GetUpcoming (attempt 3)
[2026-04-17 04:12:45] [ERROR] All 3 attempts failed for GetUpcoming
[2026-04-17 04:12:46] [WARN] HTTP 500 on GetUpcoming (attempt 1)
[2026-04-17 04:12:48] [WARN] HTTP 500 on GetUpcoming (attempt 2)
[2026-04-17 04:12:51] [WARN] HTTP 500 on GetUpcoming (attempt 3)
[2026-04-17 04:12:51] [ERROR] All 3 attempts failed for GetUpcoming
[2026-04-17 04:12:51] [WARN] HTTP 500 on GetUpcoming (attempt 1)
[2026-04-17 04:12:54] [WARN] HTTP 500 on GetUpcoming (attempt 2)
[2026-04-17 04:12:56] [WARN] HTTP 500 on GetUpcoming (attempt 3)
[2026-04-17 04:12:56] [ERROR] All 3 attempts failed for GetUpcoming
[2026-04-17 04:12:56] [WARN] HTTP 500 on GetUpcoming (attempt 1)
[2026-04-17 04:12:59] [WARN] HTTP 500 on GetUpcoming (attempt 2)
[2026-04-17 04:13:01] [WARN] HTTP 500 on GetUpcoming (attempt 3)
[2026-04-17 04:13:01] [ERROR] All 3 attempts failed for GetUpcoming
[2026-04-17 04:13:02] [WARN] HTTP 500 on GetUpcoming (attempt 1)
[2026-04-17 04:13:04] [WARN] HTTP 500 on GetUpcoming (attempt 2)
[2026-04-17 04:13:07] [WARN] HTTP 500 on GetUpcoming (attempt 3)
[2026-04-17 04:13:07] [ERROR] All 3 attempts failed for GetUpcoming
[2026-04-17 04:13:07] [WARN] HTTP 500 on GetUpcoming (attempt 1)
[2026-04-17 04:13:10] [WARN] HTTP 500 on GetUpcoming (attempt 2)
[2026-04-17 04:13:12] [WARN] HTTP 500 on GetUpcoming (attempt 3)
[2026-04-17 04:13:12] [ERROR] All 3 attempts failed for GetUpcoming
[2026-04-17 04:13:13] [WARN] HTTP 500 on GetUpcoming (attempt 1)
[2026-04-17 04:13:15] [WARN] HTTP 500 on GetUpcoming (attempt 2)
[2026-04-17 04:13:18] [WARN] HTTP 500 on GetUpcoming (attempt 3)
[2026-04-17 04:13:18] [ERROR] All 3 attempts failed for GetUpcoming
[2026-04-17 04:13:18] [WARN] HTTP 500 on GetUpcoming (attempt 1)
[2026-04-17 04:13:21] [WARN] HTTP 500 on GetUpcoming (attempt 2)
[2026-04-17 04:13:23] [WARN] HTTP 500 on GetUpcoming (attempt 3)
[2026-04-17 04:13:23] [ERROR] All 3 attempts failed for GetUpcoming
[2026-04-17 04:13:24] [WARN] HTTP 500 on GetUpcoming (attempt 1)
[2026-04-17 04:13:26] [WARN] HTTP 500 on GetUpcoming (attempt 2)
[2026-04-17 04:13:29] [WARN] HTTP 500 on GetUpcoming (attempt 3)
[2026-04-17 04:13:29] [ERROR] All 3 attempts failed for GetUpcoming
[2026-04-17 04:13:29] [WARN] HTTP 500 on GetUpcoming (attempt 1)
[2026-04-17 04:13:32] [WARN] HTTP 500 on GetUpcoming (attempt 2)
[2026-04-17 04:13:34] [WARN] HTTP 500 on GetUpcoming (attempt 3)
[2026-04-17 04:13:34] [ERROR] All 3 attempts failed for GetUpcoming
[2026-04-17 04:13:35] [WARN] HTTP 500 on GetUpcoming (attempt 1)
[2026-04-17 04:13:37] [WARN] HTTP 500 on GetUpcoming (attempt 2)
[2026-04-17 04:13:39] [WARN] HTTP 500 on GetUpcoming (attempt 3)
[2026-04-17 04:13:39] [ERROR] All 3 attempts failed for GetUpcoming
[2026-04-17 04:13:40] [WARN] HTTP 500 on GetUpcoming (attempt 1)
[2026-04-17 04:13:42] [WARN] HTTP 500 on GetUpcoming (attempt 2)
[2026-04-17 04:13:45] [WARN] HTTP 500 on GetUpcoming (attempt 3)
[2026-04-17 04:13:45] [ERROR] All 3 attempts failed for GetUpcoming
[2026-04-17 04:13:45] [WARN] HTTP 500 on GetUpcoming (attempt 1)
[2026-04-17 04:13:48] [WARN] HTTP 500 on GetUpcoming (attempt 2)
[2026-04-17 04:13:50] [WARN] HTTP 500 on GetUpcoming (attempt 3)
[2026-04-17 04:13:50] [ERROR] All 3 attempts failed for GetUpcoming
[2026-04-17 04:13:51] [WARN] HTTP 500 on GetUpcoming (attempt 1)
[2026-04-17 04:13:53] [WARN] HTTP 500 on GetUpcoming (attempt 2)
[2026-04-17 04:13:56] [WARN] HTTP 500 on GetUpcoming (attempt 3)
[2026-04-17 04:13:56] [ERROR] All 3 attempts failed for GetUpcoming
[2026-04-17 04:13:56] [INFO] Upcoming sync done {"events":536,"markets":2848,"selections":7621,"duration_ms":129209}
[2026-04-17 04:13:56] [INFO] SelfHealer: deactivated 13 zero-odds selections
[2026-04-17 04:23:41] [INFO] Synced 34 sports
[2026-04-17 04:23:41] [INFO] Live sync done {"events":4,"markets":51,"selections":114,"duration_ms":579}
[2026-04-17 04:23:49] [WARN] HTTP 500 on GetUpcoming (attempt 1)
[2026-04-17 04:23:51] [WARN] HTTP 500 on GetUpcoming (attempt 2)
[2026-04-17 04:23:54] [WARN] HTTP 500 on GetUpcoming (attempt 3)
[2026-04-17 04:23:54] [ERROR] All 3 attempts failed for GetUpcoming
[2026-04-17 04:23:54] [WARN] HTTP 500 on GetUpcoming (attempt 1)
[2026-04-17 04:23:57] [WARN] HTTP 500 on GetUpcoming (attempt 2)
[2026-04-17 04:23:59] [WARN] HTTP 500 on GetUpcoming (attempt 3)
[2026-04-17 04:23:59] [ERROR] All 3 attempts failed for GetUpcoming
[2026-04-17 04:24:00] [WARN] HTTP 500 on GetUpcoming (attempt 1)
[2026-04-17 04:24:02] [WARN] HTTP 500 on GetUpcoming (attempt 2)
[2026-04-17 04:24:05] [WARN] HTTP 500 on GetUpcoming (attempt 3)
[2026-04-17 04:24:05] [ERROR] All 3 attempts failed for GetUpcoming
[2026-04-17 04:24:05] [WARN] HTTP 500 on GetUpcoming (attempt 1)
[2026-04-17 04:24:08] [WARN] HTTP 500 on GetUpcoming (attempt 2)
[2026-04-17 04:24:10] [WARN] HTTP 500 on GetUpcoming (attempt 3)
[2026-04-17 04:24:10] [ERROR] All 3 attempts failed for GetUpcoming
[2026-04-17 04:24:12] [WARN] HTTP 500 on GetUpcoming (attempt 1)
[2026-04-17 04:24:15] [WARN] HTTP 500 on GetUpcoming (attempt 2)
[2026-04-17 04:24:17] [WARN] HTTP 500 on GetUpcoming (attempt 3)
[2026-04-17 04:24:17] [ERROR] All 3 attempts failed for GetUpcoming
[2026-04-17 04:24:18] [WARN] HTTP 500 on GetUpcoming (attempt 1)
[2026-04-17 04:24:20] [WARN] HTTP 500 on GetUpcoming (attempt 2)
[2026-04-17 04:24:23] [WARN] HTTP 500 on GetUpcoming (attempt 3)
[2026-04-17 04:24:23] [ERROR] All 3 attempts failed for GetUpcoming
[2026-04-17 04:24:24] [WARN] HTTP 500 on GetUpcoming (attempt 1)
[2026-04-17 04:24:27] [WARN] HTTP 500 on GetUpcoming (attempt 2)
[2026-04-17 04:24:29] [WARN] HTTP 500 on GetUpcoming (attempt 3)
[2026-04-17 04:24:29] [ERROR] All 3 attempts failed for GetUpcoming
[2026-04-17 04:24:29] [WARN] HTTP 500 on GetUpcoming (attempt 1)
[2026-04-17 04:24:32] [WARN] HTTP 500 on GetUpcoming (attempt 2)
[2026-04-17 04:24:34] [WARN] HTTP 500 on GetUpcoming (attempt 3)
[2026-04-17 04:24:34] [ERROR] All 3 attempts failed for GetUpcoming
[2026-04-17 04:24:35] [WARN] HTTP 500 on GetUpcoming (attempt 1)
[2026-04-17 04:24:37] [WARN] HTTP 500 on GetUpcoming (attempt 2)
[2026-04-17 04:24:40] [WARN] HTTP 500 on GetUpcoming (attempt 3)
[2026-04-17 04:24:40] [ERROR] All 3 attempts failed for GetUpcoming
[2026-04-17 04:24:40] [WARN] HTTP 500 on GetUpcoming (attempt 1)
[2026-04-17 04:24:43] [WARN] HTTP 500 on GetUpcoming (attempt 2)
[2026-04-17 04:24:45] [WARN] HTTP 500 on GetUpcoming (attempt 3)
[2026-04-17 04:24:45] [ERROR] All 3 attempts failed for GetUpcoming
[2026-04-17 04:24:46] [WARN] HTTP 500 on GetUpcoming (attempt 1)
[2026-04-17 04:24:48] [WARN] HTTP 500 on GetUpcoming (attempt 2)
[2026-04-17 04:24:51] [WARN] HTTP 500 on GetUpcoming (attempt 3)
[2026-04-17 04:24:51] [ERROR] All 3 attempts failed for GetUpcoming
[2026-04-17 04:24:51] [WARN] HTTP 500 on GetUpcoming (attempt 1)
[2026-04-17 04:24:54] [WARN] HTTP 500 on GetUpcoming (attempt 2)
[2026-04-17 04:24:56] [WARN] HTTP 500 on GetUpcoming (attempt 3)
[2026-04-17 04:24:56] [ERROR] All 3 attempts failed for GetUpcoming
[2026-04-17 04:24:57] [WARN] HTTP 500 on GetUpcoming (attempt 1)
[2026-04-17 04:24:59] [WARN] HTTP 500 on GetUpcoming (attempt 2)
[2026-04-17 04:25:01] [WARN] HTTP 500 on GetUpcoming (attempt 3)
[2026-04-17 04:25:01] [ERROR] All 3 attempts failed for GetUpcoming
[2026-04-17 04:25:02] [WARN] HTTP 500 on GetUpcoming (attempt 1)
[2026-04-17 04:25:04] [WARN] HTTP 500 on GetUpcoming (attempt 2)
[2026-04-17 04:25:07] [WARN] HTTP 500 on GetUpcoming (attempt 3)
[2026-04-17 04:25:07] [ERROR] All 3 attempts failed for GetUpcoming
[2026-04-17 04:25:07] [WARN] HTTP 500 on GetUpcoming (attempt 1)
[2026-04-17 04:25:10] [WARN] HTTP 500 on GetUpcoming (attempt 2)
[2026-04-17 04:25:12] [WARN] HTTP 500 on GetUpcoming (attempt 3)
[2026-04-17 04:25:12] [ERROR] All 3 attempts failed for GetUpcoming
[2026-04-17 04:25:13] [WARN] HTTP 500 on GetUpcoming (attempt 1)
[2026-04-17 04:25:15] [WARN] HTTP 500 on GetUpcoming (attempt 2)
[2026-04-17 04:25:18] [WARN] HTTP 500 on GetUpcoming (attempt 3)
[2026-04-17 04:25:18] [ERROR] All 3 attempts failed for GetUpcoming
[2026-04-17 04:25:18] [WARN] HTTP 500 on GetUpcoming (attempt 1)
[2026-04-17 04:25:21] [WARN] HTTP 500 on GetUpcoming (attempt 2)
[2026-04-17 04:25:23] [WARN] HTTP 500 on GetUpcoming (attempt 3)
[2026-04-17 04:25:23] [ERROR] All 3 attempts failed for GetUpcoming
[2026-04-17 04:25:24] [WARN] HTTP 500 on GetUpcoming (attempt 1)
[2026-04-17 04:25:26] [WARN] HTTP 500 on GetUpcoming (attempt 2)
[2026-04-17 04:25:29] [WARN] HTTP 500 on GetUpcoming (attempt 3)
[2026-04-17 04:25:29] [ERROR] All 3 attempts failed for GetUpcoming
[2026-04-17 04:25:29] [WARN] HTTP 500 on GetUpcoming (attempt 1)
[2026-04-17 04:25:31] [WARN] HTTP 500 on GetUpcoming (attempt 2)
[2026-04-17 04:25:34] [WARN] HTTP 500 on GetUpcoming (attempt 3)
[2026-04-17 04:25:34] [ERROR] All 3 attempts failed for GetUpcoming
[2026-04-17 04:25:34] [WARN] HTTP 500 on GetUpcoming (attempt 1)
[2026-04-17 04:25:37] [WARN] HTTP 500 on GetUpcoming (attempt 2)
[2026-04-17 04:25:39] [WARN] HTTP 500 on GetUpcoming (attempt 3)
[2026-04-17 04:25:39] [ERROR] All 3 attempts failed for GetUpcoming
[2026-04-17 04:25:40] [WARN] HTTP 500 on GetUpcoming (attempt 1)
[2026-04-17 04:25:42] [WARN] HTTP 500 on GetUpcoming (attempt 2)
[2026-04-17 04:25:45] [WARN] HTTP 500 on GetUpcoming (attempt 3)
[2026-04-17 04:25:45] [ERROR] All 3 attempts failed for GetUpcoming
[2026-04-17 04:25:45] [WARN] HTTP 500 on GetUpcoming (attempt 1)
[2026-04-17 04:25:48] [WARN] HTTP 500 on GetUpcoming (attempt 2)
[2026-04-17 04:25:50] [WARN] HTTP 500 on GetUpcoming (attempt 3)
[2026-04-17 04:25:50] [ERROR] All 3 attempts failed for GetUpcoming
[2026-04-17 04:25:50] [INFO] Upcoming sync done {"events":538,"markets":2865,"selections":7661,"duration_ms":129015}
[2026-04-17 04:25:50] [INFO] SelfHealer: deactivated 7 zero-odds selections
[2026-04-17 05:20:08] [INFO] Synced 34 sports
[2026-04-17 05:20:08] [INFO] Live sync done {"events":1,"markets":10,"selections":23,"duration_ms":638}
[2026-04-17 05:20:17] [WARN] HTTP 500 on GetUpcoming (attempt 1)
[2026-04-17 05:20:19] [WARN] HTTP 500 on GetUpcoming (attempt 2)
[2026-04-17 05:20:22] [WARN] HTTP 500 on GetUpcoming (attempt 3)
[2026-04-17 05:20:22] [ERROR] All 3 attempts failed for GetUpcoming
[2026-04-17 05:20:22] [WARN] HTTP 500 on GetUpcoming (attempt 1)
[2026-04-17 05:20:25] [WARN] HTTP 500 on GetUpcoming (attempt 2)
[2026-04-17 05:20:27] [WARN] HTTP 500 on GetUpcoming (attempt 3)
[2026-04-17 05:20:27] [ERROR] All 3 attempts failed for GetUpcoming
[2026-04-17 05:20:28] [WARN] HTTP 500 on GetUpcoming (attempt 1)
[2026-04-17 05:20:29] [WARN] Sync already running for mode: --full
[2026-04-17 05:20:31] [WARN] HTTP 500 on GetUpcoming (attempt 2)
[2026-04-17 05:20:34] [WARN] HTTP 500 on GetUpcoming (attempt 3)
[2026-04-17 05:20:34] [ERROR] All 3 attempts failed for GetUpcoming
[2026-04-17 05:20:34] [WARN] HTTP 500 on GetUpcoming (attempt 1)
[2026-04-17 05:20:38] [WARN] HTTP 500 on GetUpcoming (attempt 2)
[2026-04-17 05:20:40] [WARN] HTTP 500 on GetUpcoming (attempt 3)
[2026-04-17 05:20:40] [ERROR] All 3 attempts failed for GetUpcoming
[2026-04-17 05:20:43] [WARN] HTTP 500 on GetUpcoming (attempt 1)
[2026-04-17 05:20:46] [WARN] HTTP 500 on GetUpcoming (attempt 2)
[2026-04-17 05:20:49] [WARN] HTTP 500 on GetUpcoming (attempt 3)
[2026-04-17 05:20:49] [ERROR] All 3 attempts failed for GetUpcoming
[2026-04-17 05:20:49] [WARN] HTTP 500 on GetUpcoming (attempt 1)
[2026-04-17 05:20:52] [WARN] HTTP 500 on GetUpcoming (attempt 2)
[2026-04-17 05:20:54] [WARN] HTTP 500 on GetUpcoming (attempt 3)
[2026-04-17 05:20:54] [ERROR] All 3 attempts failed for GetUpcoming
[2026-04-17 05:20:56] [WARN] HTTP 500 on GetUpcoming (attempt 1)
[2026-04-17 05:20:58] [WARN] HTTP 500 on GetUpcoming (attempt 2)
[2026-04-17 05:21:01] [WARN] HTTP 500 on GetUpcoming (attempt 3)
[2026-04-17 05:21:01] [ERROR] All 3 attempts failed for GetUpcoming
[2026-04-17 05:21:01] [WARN] HTTP 500 on GetUpcoming (attempt 1)
[2026-04-17 05:21:04] [WARN] HTTP 500 on GetUpcoming (attempt 2)
[2026-04-17 05:21:06] [WARN] HTTP 500 on GetUpcoming (attempt 3)
[2026-04-17 05:21:06] [ERROR] All 3 attempts failed for GetUpcoming
[2026-04-17 05:21:07] [WARN] HTTP 500 on GetUpcoming (attempt 1)
[2026-04-17 05:21:09] [WARN] HTTP 500 on GetUpcoming (attempt 2)
[2026-04-17 05:21:12] [WARN] HTTP 500 on GetUpcoming (attempt 3)
[2026-04-17 05:21:12] [ERROR] All 3 attempts failed for GetUpcoming
[2026-04-17 05:21:13] [WARN] HTTP 500 on GetUpcoming (attempt 1)
[2026-04-17 05:21:15] [WARN] HTTP 500 on GetUpcoming (attempt 2)
[2026-04-17 05:21:18] [WARN] HTTP 500 on GetUpcoming (attempt 3)
[2026-04-17 05:21:18] [ERROR] All 3 attempts failed for GetUpcoming
[2026-04-17 05:21:18] [WARN] HTTP 500 on GetUpcoming (attempt 1)
[2026-04-17 05:21:21] [WARN] Sync already running for mode: --full
[2026-04-17 05:21:21] [WARN] HTTP 500 on GetUpcoming (attempt 2)
[2026-04-17 05:21:21] [WARN] Sync already running for mode: --full
[2026-04-17 05:21:23] [WARN] Sync already running for mode: --full
[2026-04-17 05:21:23] [WARN] HTTP 500 on GetUpcoming (attempt 3)
[2026-04-17 05:21:23] [ERROR] All 3 attempts failed for GetUpcoming
[2026-04-17 05:21:24] [WARN] HTTP 500 on GetUpcoming (attempt 1)
[2026-04-17 05:21:27] [WARN] HTTP 500 on GetUpcoming (attempt 2)
[2026-04-17 05:21:29] [WARN] HTTP 500 on GetUpcoming (attempt 3)
[2026-04-17 05:21:29] [ERROR] All 3 attempts failed for GetUpcoming
[2026-04-17 05:21:30] [WARN] HTTP 500 on GetUpcoming (attempt 1)
[2026-04-17 05:21:30] [WARN] Sync already running for mode: --full
[2026-04-17 05:21:30] [WARN] Sync already running for mode: --full
[2026-04-17 05:21:32] [WARN] HTTP 500 on GetUpcoming (attempt 2)
[2026-04-17 05:21:35] [WARN] HTTP 500 on GetUpcoming (attempt 3)
[2026-04-17 05:21:35] [ERROR] All 3 attempts failed for GetUpcoming
[2026-04-17 05:21:35] [WARN] HTTP 500 on GetUpcoming (attempt 1)
[2026-04-17 05:21:38] [WARN] HTTP 500 on GetUpcoming (attempt 2)
[2026-04-17 05:21:40] [WARN] HTTP 500 on GetUpcoming (attempt 3)
[2026-04-17 05:21:40] [ERROR] All 3 attempts failed for GetUpcoming
[2026-04-17 05:21:41] [WARN] HTTP 500 on GetUpcoming (attempt 1)
[2026-04-17 05:21:43] [WARN] HTTP 500 on GetUpcoming (attempt 2)
[2026-04-17 05:21:46] [WARN] HTTP 500 on GetUpcoming (attempt 3)
[2026-04-17 05:21:46] [ERROR] All 3 attempts failed for GetUpcoming
[2026-04-17 05:21:46] [WARN] HTTP 500 on GetUpcoming (attempt 1)
[2026-04-17 05:21:49] [WARN] HTTP 500 on GetUpcoming (attempt 2)
[2026-04-17 05:21:51] [WARN] HTTP 500 on GetUpcoming (attempt 3)
[2026-04-17 05:21:51] [ERROR] All 3 attempts failed for GetUpcoming
[2026-04-17 05:21:52] [WARN] HTTP 500 on GetUpcoming (attempt 1)
[2026-04-17 05:21:54] [WARN] HTTP 500 on GetUpcoming (attempt 2)
[2026-04-17 05:21:57] [WARN] HTTP 500 on GetUpcoming (attempt 3)
[2026-04-17 05:21:57] [ERROR] All 3 attempts failed for GetUpcoming
[2026-04-17 05:21:58] [WARN] HTTP 500 on GetUpcoming (attempt 1)
[2026-04-17 05:22:00] [WARN] HTTP 500 on GetUpcoming (attempt 2)
[2026-04-17 05:22:03] [WARN] HTTP 500 on GetUpcoming (attempt 3)
[2026-04-17 05:22:03] [ERROR] All 3 attempts failed for GetUpcoming
[2026-04-17 05:22:03] [WARN] HTTP 500 on GetUpcoming (attempt 1)
[2026-04-17 05:22:06] [WARN] HTTP 500 on GetUpcoming (attempt 2)
[2026-04-17 05:22:09] [WARN] HTTP 500 on GetUpcoming (attempt 3)
[2026-04-17 05:22:09] [ERROR] All 3 attempts failed for GetUpcoming
[2026-04-17 05:22:09] [WARN] HTTP 500 on GetUpcoming (attempt 1)
[2026-04-17 05:22:12] [WARN] HTTP 500 on GetUpcoming (attempt 2)
[2026-04-17 05:22:14] [WARN] HTTP 500 on GetUpcoming (attempt 3)
[2026-04-17 05:22:14] [ERROR] All 3 attempts failed for GetUpcoming
[2026-04-17 05:22:15] [WARN] HTTP 500 on GetUpcoming (attempt 1)
[2026-04-17 05:22:18] [WARN] HTTP 500 on GetUpcoming (attempt 2)
[2026-04-17 05:22:20] [WARN] HTTP 500 on GetUpcoming (attempt 3)
[2026-04-17 05:22:20] [ERROR] All 3 attempts failed for GetUpcoming
[2026-04-17 05:22:21] [WARN] HTTP 500 on GetUpcoming (attempt 1)
[2026-04-17 05:22:24] [WARN] HTTP 500 on GetUpcoming (attempt 2)
[2026-04-17 05:22:26] [WARN] HTTP 500 on GetUpcoming (attempt 3)
[2026-04-17 05:22:26] [ERROR] All 3 attempts failed for GetUpcoming
[2026-04-17 05:22:26] [INFO] Upcoming sync done {"events":540,"markets":2881,"selections":7707,"duration_ms":137926}
[2026-04-17 05:22:26] [INFO] SelfHealer: deactivated 3 zero-odds selections
[2026-04-17 05:27:46] [INFO] Live sync done {"events":1,"markets":10,"selections":23,"duration_ms":602}
[2026-04-17 05:28:01] [WARN] HTTP 500 on GetUpcoming (attempt 1)
[2026-04-17 05:28:03] [WARN] HTTP 500 on GetUpcoming (attempt 2)
[2026-04-17 05:28:06] [WARN] HTTP 500 on GetUpcoming (attempt 3)
[2026-04-17 05:28:06] [ERROR] All 3 attempts failed for GetUpcoming
[2026-04-17 05:28:07] [WARN] HTTP 500 on GetUpcoming (attempt 1)
[2026-04-17 05:28:09] [WARN] HTTP 500 on GetUpcoming (attempt 2)
[2026-04-17 05:28:12] [WARN] HTTP 500 on GetUpcoming (attempt 3)
[2026-04-17 05:28:12] [ERROR] All 3 attempts failed for GetUpcoming
[2026-04-17 05:28:12] [WARN] HTTP 500 on GetUpcoming (attempt 1)
[2026-04-17 05:28:15] [WARN] HTTP 500 on GetUpcoming (attempt 2)
[2026-04-17 05:28:17] [WARN] HTTP 500 on GetUpcoming (attempt 3)
[2026-04-17 05:28:17] [ERROR] All 3 attempts failed for GetUpcoming
[2026-04-17 05:28:18] [WARN] HTTP 500 on GetUpcoming (attempt 1)
[2026-04-17 05:28:20] [WARN] HTTP 500 on GetUpcoming (attempt 2)
[2026-04-17 05:28:23] [WARN] HTTP 500 on GetUpcoming (attempt 3)
[2026-04-17 05:28:23] [ERROR] All 3 attempts failed for GetUpcoming
[2026-04-17 05:28:25] [WARN] HTTP 500 on GetUpcoming (attempt 1)
[2026-04-17 05:28:28] [WARN] HTTP 500 on GetUpcoming (attempt 2)
[2026-04-17 05:28:30] [WARN] HTTP 500 on GetUpcoming (attempt 3)
[2026-04-17 05:28:30] [ERROR] All 3 attempts failed for GetUpcoming
[2026-04-17 05:28:31] [WARN] HTTP 500 on GetUpcoming (attempt 1)
[2026-04-17 05:28:33] [WARN] HTTP 500 on GetUpcoming (attempt 2)
[2026-04-17 05:28:36] [WARN] HTTP 500 on GetUpcoming (attempt 3)
[2026-04-17 05:28:36] [ERROR] All 3 attempts failed for GetUpcoming
[2026-04-17 05:28:37] [WARN] HTTP 500 on GetUpcoming (attempt 1)
[2026-04-17 05:28:40] [WARN] HTTP 500 on GetUpcoming (attempt 2)
[2026-04-17 05:28:42] [WARN] HTTP 500 on GetUpcoming (attempt 3)
[2026-04-17 05:28:42] [ERROR] All 3 attempts failed for GetUpcoming
[2026-04-17 05:28:43] [WARN] HTTP 500 on GetUpcoming (attempt 1)
[2026-04-17 05:28:45] [WARN] HTTP 500 on GetUpcoming (attempt 2)
[2026-04-17 05:28:48] [WARN] HTTP 500 on GetUpcoming (attempt 3)
[2026-04-17 05:28:48] [ERROR] All 3 attempts failed for GetUpcoming
[2026-04-17 05:28:48] [WARN] HTTP 500 on GetUpcoming (attempt 1)
[2026-04-17 05:28:51] [WARN] HTTP 500 on GetUpcoming (attempt 2)
[2026-04-17 05:28:53] [WARN] HTTP 500 on GetUpcoming (attempt 3)
[2026-04-17 05:28:53] [ERROR] All 3 attempts failed for GetUpcoming
[2026-04-17 05:28:56] [WARN] HTTP 500 on GetUpcoming (attempt 1)
[2026-04-17 05:28:58] [WARN] HTTP 500 on GetUpcoming (attempt 2)
[2026-04-17 05:29:01] [WARN] HTTP 500 on GetUpcoming (attempt 3)
[2026-04-17 05:29:01] [ERROR] All 3 attempts failed for GetUpcoming
[2026-04-17 05:29:01] [WARN] HTTP 500 on GetUpcoming (attempt 1)
[2026-04-17 05:29:04] [WARN] HTTP 500 on GetUpcoming (attempt 2)
[2026-04-17 05:29:07] [WARN] HTTP 500 on GetUpcoming (attempt 3)
[2026-04-17 05:29:07] [ERROR] All 3 attempts failed for GetUpcoming
[2026-04-17 05:29:07] [WARN] HTTP 500 on GetUpcoming (attempt 1)
[2026-04-17 05:29:10] [WARN] HTTP 500 on GetUpcoming (attempt 2)
[2026-04-17 05:29:12] [WARN] HTTP 500 on GetUpcoming (attempt 3)
[2026-04-17 05:29:12] [ERROR] All 3 attempts failed for GetUpcoming
[2026-04-17 05:29:13] [WARN] HTTP 500 on GetUpcoming (attempt 1)
[2026-04-17 05:29:15] [WARN] HTTP 500 on GetUpcoming (attempt 2)
[2026-04-17 05:29:18] [WARN] HTTP 500 on GetUpcoming (attempt 3)
[2026-04-17 05:29:18] [ERROR] All 3 attempts failed for GetUpcoming
[2026-04-17 05:29:18] [WARN] HTTP 500 on GetUpcoming (attempt 1)
[2026-04-17 05:29:21] [WARN] HTTP 500 on GetUpcoming (attempt 2)
[2026-04-17 05:29:23] [WARN] HTTP 500 on GetUpcoming (attempt 3)
[2026-04-17 05:29:23] [ERROR] All 3 attempts failed for GetUpcoming
[2026-04-17 05:29:24] [WARN] HTTP 500 on GetUpcoming (attempt 1)
[2026-04-17 05:29:26] [WARN] HTTP 500 on GetUpcoming (attempt 2)
[2026-04-17 05:29:29] [WARN] HTTP 500 on GetUpcoming (attempt 3)
[2026-04-17 05:29:29] [ERROR] All 3 attempts failed for GetUpcoming
[2026-04-17 05:29:29] [WARN] HTTP 500 on GetUpcoming (attempt 1)
[2026-04-17 05:29:32] [WARN] HTTP 500 on GetUpcoming (attempt 2)
[2026-04-17 05:29:34] [WARN] HTTP 500 on GetUpcoming (attempt 3)
[2026-04-17 05:29:34] [ERROR] All 3 attempts failed for GetUpcoming
[2026-04-17 05:29:34] [WARN] HTTP 500 on GetUpcoming (attempt 1)
[2026-04-17 05:29:37] [WARN] HTTP 500 on GetUpcoming (attempt 2)
[2026-04-17 05:29:39] [WARN] HTTP 500 on GetUpcoming (attempt 3)
[2026-04-17 05:29:39] [ERROR] All 3 attempts failed for GetUpcoming
[2026-04-17 05:29:40] [WARN] HTTP 500 on GetUpcoming (attempt 1)
[2026-04-17 05:29:42] [WARN] HTTP 500 on GetUpcoming (attempt 2)
[2026-04-17 05:29:45] [WARN] HTTP 500 on GetUpcoming (attempt 3)
[2026-04-17 05:29:45] [ERROR] All 3 attempts failed for GetUpcoming
[2026-04-17 05:29:45] [WARN] HTTP 500 on GetUpcoming (attempt 1)
[2026-04-17 05:29:48] [WARN] HTTP 500 on GetUpcoming (attempt 2)
[2026-04-17 05:29:50] [WARN] HTTP 500 on GetUpcoming (attempt 3)
[2026-04-17 05:29:50] [ERROR] All 3 attempts failed for GetUpcoming
[2026-04-17 05:29:51] [WARN] HTTP 500 on GetUpcoming (attempt 1)
[2026-04-17 05:29:53] [WARN] HTTP 500 on GetUpcoming (attempt 2)
[2026-04-17 05:29:56] [WARN] HTTP 500 on GetUpcoming (attempt 3)
[2026-04-17 05:29:56] [ERROR] All 3 attempts failed for GetUpcoming
[2026-04-17 05:29:56] [WARN] HTTP 500 on GetUpcoming (attempt 1)
[2026-04-17 05:29:59] [WARN] HTTP 500 on GetUpcoming (attempt 2)
[2026-04-17 05:30:01] [WARN] HTTP 500 on GetUpcoming (attempt 3)
[2026-04-17 05:30:01] [ERROR] All 3 attempts failed for GetUpcoming
[2026-04-17 05:30:02] [WARN] HTTP 500 on GetUpcoming (attempt 1)
[2026-04-17 05:30:04] [WARN] HTTP 500 on GetUpcoming (attempt 2)
[2026-04-17 05:30:07] [WARN] HTTP 500 on GetUpcoming (attempt 3)
[2026-04-17 05:30:07] [ERROR] All 3 attempts failed for GetUpcoming
[2026-04-17 05:30:07] [INFO] Upcoming sync done {"events":540,"markets":2887,"selections":7718,"duration_ms":133480}
[2026-04-17 05:30:14] [INFO] Live sync done {"events":1,"markets":10,"selections":23,"duration_ms":494}
[2026-04-17 05:31:13] [INFO] Live sync done {"events":1,"markets":10,"selections":23,"duration_ms":474}
[2026-04-17 05:32:13] [INFO] Live sync done {"events":1,"markets":10,"selections":23,"duration_ms":460}
[2026-04-17 05:33:13] [INFO] Live sync done {"events":1,"markets":10,"selections":23,"duration_ms":507}
[2026-04-17 05:34:13] [INFO] Live sync done {"events":1,"markets":10,"selections":23,"duration_ms":678}
[2026-04-17 05:34:21] [WARN] HTTP 500 on GetUpcoming (attempt 1)
[2026-04-17 05:34:23] [WARN] HTTP 500 on GetUpcoming (attempt 2)
[2026-04-17 05:34:26] [WARN] HTTP 500 on GetUpcoming (attempt 3)
[2026-04-17 05:34:26] [ERROR] All 3 attempts failed for GetUpcoming
[2026-04-17 05:34:27] [WARN] HTTP 500 on GetUpcoming (attempt 1)
[2026-04-17 05:34:29] [WARN] HTTP 500 on GetUpcoming (attempt 2)
[2026-04-17 05:34:32] [WARN] HTTP 500 on GetUpcoming (attempt 3)
[2026-04-17 05:34:32] [ERROR] All 3 attempts failed for GetUpcoming
[2026-04-17 05:34:32] [WARN] HTTP 500 on GetUpcoming (attempt 1)
[2026-04-17 05:34:35] [WARN] HTTP 500 on GetUpcoming (attempt 2)
[2026-04-17 05:34:37] [WARN] HTTP 500 on GetUpcoming (attempt 3)
[2026-04-17 05:34:37] [ERROR] All 3 attempts failed for GetUpcoming
[2026-04-17 05:34:38] [WARN] HTTP 500 on GetUpcoming (attempt 1)
[2026-04-17 05:34:40] [WARN] HTTP 500 on GetUpcoming (attempt 2)
[2026-04-17 05:34:43] [WARN] HTTP 500 on GetUpcoming (attempt 3)
[2026-04-17 05:34:43] [ERROR] All 3 attempts failed for GetUpcoming
[2026-04-17 05:34:45] [WARN] HTTP 500 on GetUpcoming (attempt 1)
[2026-04-17 05:34:48] [WARN] HTTP 500 on GetUpcoming (attempt 2)
[2026-04-17 05:34:50] [WARN] HTTP 500 on GetUpcoming (attempt 3)
[2026-04-17 05:34:50] [ERROR] All 3 attempts failed for GetUpcoming
[2026-04-17 05:34:51] [WARN] HTTP 500 on GetUpcoming (attempt 1)
[2026-04-17 14:20:23] [WARN] Sync already running for mode: --live
[2026-04-17 14:20:25] [INFO] Live sync done {"events":12,"markets":123,"selections":282,"duration_ms":1356}
[2026-04-17 14:21:23] [WARN] Sync already running for mode: --live
[2026-04-17 14:21:24] [INFO] Live sync done {"events":12,"markets":123,"selections":282,"duration_ms":1304}
[2026-04-17 14:22:23] [WARN] Sync already running for mode: --live
[2026-04-17 14:22:24] [INFO] Live sync done {"events":11,"markets":109,"selections":251,"duration_ms":1234}
[2026-04-17 14:23:23] [WARN] Sync already running for mode: --live
[2026-04-17 14:23:24] [INFO] Live sync done {"events":11,"markets":109,"selections":251,"duration_ms":1239}
[2026-04-17 14:24:23] [WARN] Sync already running for mode: --live
[2026-04-17 14:24:23] [WARN] Sync already running for mode: --upcoming
[2026-04-17 14:24:24] [INFO] Live sync done {"events":11,"markets":109,"selections":251,"duration_ms":1508}
[2026-04-17 14:24:47] [WARN] HTTP 500 on GetUpcoming (attempt 1)
[2026-04-17 14:24:51] [WARN] HTTP 500 on GetUpcoming (attempt 2)
[2026-04-17 14:24:55] [WARN] HTTP 500 on GetUpcoming (attempt 3)
[2026-04-17 14:24:55] [ERROR] All 3 attempts failed for GetUpcoming
[2026-04-17 14:24:56] [WARN] HTTP 500 on GetUpcoming (attempt 1)
[2026-04-17 14:25:00] [WARN] HTTP 500 on GetUpcoming (attempt 2)
[2026-04-17 14:25:04] [WARN] HTTP 500 on GetUpcoming (attempt 3)
[2026-04-17 14:25:04] [ERROR] All 3 attempts failed for GetUpcoming
[2026-04-17 14:25:06] [WARN] HTTP 500 on GetUpcoming (attempt 1)
[2026-04-17 14:25:10] [WARN] HTTP 500 on GetUpcoming (attempt 2)
[2026-04-17 14:25:14] [WARN] HTTP 500 on GetUpcoming (attempt 3)
[2026-04-17 14:25:14] [ERROR] All 3 attempts failed for GetUpcoming
[2026-04-17 14:25:16] [WARN] HTTP 500 on GetUpcoming (attempt 1)
[2026-04-17 14:25:20] [WARN] HTTP 500 on GetUpcoming (attempt 2)
[2026-04-17 14:25:23] [WARN] Sync already running for mode: --live
[2026-04-17 14:25:24] [WARN] HTTP 500 on GetUpcoming (attempt 3)
[2026-04-17 14:25:24] [ERROR] All 3 attempts failed for GetUpcoming
[2026-04-17 14:25:24] [INFO] Live sync done {"events":10,"markets":95,"selections":220,"duration_ms":1471}
[2026-04-17 14:25:32] [WARN] HTTP 500 on GetUpcoming (attempt 1)
[2026-04-17 14:25:37] [WARN] HTTP 500 on GetUpcoming (attempt 2)
[2026-04-17 14:25:41] [WARN] HTTP 500 on GetUpcoming (attempt 3)
[2026-04-17 14:25:41] [ERROR] All 3 attempts failed for GetUpcoming
[2026-04-17 14:25:43] [WARN] HTTP 500 on GetUpcoming (attempt 1)
[2026-04-17 14:25:47] [WARN] HTTP 500 on GetUpcoming (attempt 2)
[2026-04-17 14:25:51] [WARN] HTTP 500 on GetUpcoming (attempt 3)
[2026-04-17 14:25:51] [ERROR] All 3 attempts failed for GetUpcoming
[2026-04-17 14:25:56] [WARN] HTTP 500 on GetUpcoming (attempt 1)
[2026-04-17 14:26:00] [WARN] HTTP 500 on GetUpcoming (attempt 2)
[2026-04-17 14:26:04] [WARN] HTTP 500 on GetUpcoming (attempt 3)
[2026-04-17 14:26:04] [ERROR] All 3 attempts failed for GetUpcoming
[2026-04-17 14:26:06] [WARN] HTTP 500 on GetUpcoming (attempt 1)
[2026-04-17 14:26:09] [WARN] HTTP 500 on GetUpcoming (attempt 2)
[2026-04-17 14:26:13] [WARN] HTTP 500 on GetUpcoming (attempt 3)
[2026-04-17 14:26:13] [ERROR] All 3 attempts failed for GetUpcoming
[2026-04-17 14:26:15] [WARN] HTTP 500 on GetUpcoming (attempt 1)
[2026-04-17 14:26:19] [WARN] HTTP 500 on GetUpcoming (attempt 2)
[2026-04-17 14:26:23] [WARN] HTTP 500 on GetUpcoming (attempt 3)
[2026-04-17 14:26:23] [ERROR] All 3 attempts failed for GetUpcoming
[2026-04-17 14:26:23] [WARN] Sync already running for mode: --live
[2026-04-17 14:26:24] [INFO] Live sync done {"events":10,"markets":95,"selections":220,"duration_ms":1406}
[2026-04-17 14:26:25] [WARN] HTTP 500 on GetUpcoming (attempt 1)
[2026-04-17 14:26:29] [WARN] HTTP 500 on GetUpcoming (attempt 2)
[2026-04-17 14:26:32] [WARN] HTTP 500 on GetUpcoming (attempt 3)
[2026-04-17 14:26:32] [ERROR] All 3 attempts failed for GetUpcoming
[2026-04-17 14:26:34] [WARN] HTTP 500 on GetUpcoming (attempt 1)
[2026-04-17 14:26:38] [WARN] HTTP 500 on GetUpcoming (attempt 2)
[2026-04-17 14:26:42] [WARN] HTTP 500 on GetUpcoming (attempt 3)
[2026-04-17 14:26:42] [ERROR] All 3 attempts failed for GetUpcoming
[2026-04-17 14:26:44] [WARN] HTTP 500 on GetUpcoming (attempt 1)
[2026-04-17 14:26:48] [WARN] HTTP 500 on GetUpcoming (attempt 2)
[2026-04-17 14:26:52] [WARN] HTTP 500 on GetUpcoming (attempt 3)
[2026-04-17 14:26:52] [ERROR] All 3 attempts failed for GetUpcoming
[2026-04-17 14:26:54] [WARN] HTTP 500 on GetUpcoming (attempt 1)
[2026-04-17 14:26:58] [WARN] HTTP 500 on GetUpcoming (attempt 2)
[2026-04-17 14:27:01] [WARN] HTTP 500 on GetUpcoming (attempt 3)
[2026-04-17 14:27:01] [ERROR] All 3 attempts failed for GetUpcoming
[2026-04-17 14:27:03] [WARN] HTTP 500 on GetUpcoming (attempt 1)
[2026-04-17 14:27:07] [WARN] HTTP 500 on GetUpcoming (attempt 2)
[2026-04-17 14:27:11] [WARN] HTTP 500 on GetUpcoming (attempt 3)
[2026-04-17 14:27:11] [ERROR] All 3 attempts failed for GetUpcoming
[2026-04-17 14:27:13] [WARN] HTTP 500 on GetUpcoming (attempt 1)
[2026-04-17 14:27:17] [WARN] HTTP 500 on GetUpcoming (attempt 2)
[2026-04-17 14:27:21] [WARN] HTTP 500 on GetUpcoming (attempt 3)
[2026-04-17 14:27:21] [ERROR] All 3 attempts failed for GetUpcoming
[2026-04-17 14:27:22] [WARN] HTTP 500 on GetUpcoming (attempt 1)
[2026-04-17 14:27:23] [WARN] Sync already running for mode: --live
[2026-04-17 14:27:24] [INFO] Live sync done {"events":10,"markets":96,"selections":222,"duration_ms":1077}
[2026-04-17 14:27:26] [WARN] HTTP 500 on GetUpcoming (attempt 2)
[2026-04-17 14:27:30] [WARN] HTTP 500 on GetUpcoming (attempt 3)
[2026-04-17 14:27:30] [ERROR] All 3 attempts failed for GetUpcoming
[2026-04-17 14:27:32] [WARN] HTTP 500 on GetUpcoming (attempt 1)
[2026-04-17 14:27:36] [WARN] HTTP 500 on GetUpcoming (attempt 2)
[2026-04-17 14:27:40] [WARN] HTTP 500 on GetUpcoming (attempt 3)
[2026-04-17 14:27:40] [ERROR] All 3 attempts failed for GetUpcoming
[2026-04-17 14:27:42] [WARN] HTTP 500 on GetUpcoming (attempt 1)
[2026-04-17 14:27:46] [WARN] HTTP 500 on GetUpcoming (attempt 2)
[2026-04-17 14:27:50] [WARN] HTTP 500 on GetUpcoming (attempt 3)
[2026-04-17 14:27:50] [ERROR] All 3 attempts failed for GetUpcoming
[2026-04-17 14:27:52] [WARN] HTTP 500 on GetUpcoming (attempt 1)
[2026-04-17 14:27:57] [WARN] HTTP 500 on GetUpcoming (attempt 2)
[2026-04-17 14:28:01] [WARN] HTTP 500 on GetUpcoming (attempt 3)
[2026-04-17 14:28:01] [ERROR] All 3 attempts failed for GetUpcoming
[2026-04-17 14:28:02] [WARN] HTTP 500 on GetUpcoming (attempt 1)
[2026-04-17 14:28:06] [WARN] HTTP 500 on GetUpcoming (attempt 2)
[2026-04-17 14:28:10] [WARN] HTTP 500 on GetUpcoming (attempt 3)
[2026-04-17 14:28:10] [ERROR] All 3 attempts failed for GetUpcoming
[2026-04-17 14:28:12] [WARN] HTTP 500 on GetUpcoming (attempt 1)
[2026-04-17 14:28:16] [WARN] HTTP 500 on GetUpcoming (attempt 2)
[2026-04-17 14:28:20] [WARN] HTTP 500 on GetUpcoming (attempt 3)
[2026-04-17 14:28:20] [ERROR] All 3 attempts failed for GetUpcoming
[2026-04-17 14:28:21] [WARN] HTTP 500 on GetUpcoming (attempt 1)
[2026-04-17 14:28:23] [WARN] Sync already running for mode: --live
[2026-04-17 14:28:24] [INFO] Live sync done {"events":10,"markets":96,"selections":222,"duration_ms":1290}
[2026-04-17 14:28:26] [WARN] HTTP 500 on GetUpcoming (attempt 2)
[2026-04-17 14:28:30] [WARN] HTTP 500 on GetUpcoming (attempt 3)
[2026-04-17 14:28:30] [ERROR] All 3 attempts failed for GetUpcoming
[2026-04-17 14:28:30] [INFO] Upcoming sync done {"events":601,"markets":3193,"selections":8625,"duration_ms":246685}
[2026-04-17 14:29:23] [WARN] Sync already running for mode: --live
[2026-04-17 14:29:23] [WARN] Sync already running for mode: --upcoming
[2026-04-17 14:29:24] [INFO] Live sync done {"events":10,"markets":96,"selections":222,"duration_ms":1453}
[2026-04-17 14:29:48] [WARN] HTTP 500 on GetUpcoming (attempt 1)
[2026-04-17 14:29:52] [WARN] HTTP 500 on GetUpcoming (attempt 2)
[2026-04-17 14:29:56] [WARN] HTTP 500 on GetUpcoming (attempt 3)
[2026-04-17 14:29:56] [ERROR] All 3 attempts failed for GetUpcoming
[2026-04-17 14:29:58] [WARN] HTTP 500 on GetUpcoming (attempt 1)
[2026-04-17 14:30:01] [WARN] HTTP 500 on GetUpcoming (attempt 2)
[2026-04-17 14:30:05] [WARN] HTTP 500 on GetUpcoming (attempt 3)
[2026-04-17 14:30:05] [ERROR] All 3 attempts failed for GetUpcoming
[2026-04-17 14:30:07] [WARN] HTTP 500 on GetUpcoming (attempt 1)
[2026-04-17 14:30:11] [WARN] HTTP 500 on GetUpcoming (attempt 2)
[2026-04-17 14:30:14] [WARN] HTTP 500 on GetUpcoming (attempt 3)
[2026-04-17 14:30:14] [ERROR] All 3 attempts failed for GetUpcoming
[2026-04-17 14:30:16] [WARN] HTTP 500 on GetUpcoming (attempt 1)
[2026-04-17 14:30:20] [WARN] HTTP 500 on GetUpcoming (attempt 2)
[2026-04-17 14:30:23] [WARN] Sync already running for mode: --live
[2026-04-17 14:30:24] [INFO] Live sync done {"events":10,"markets":96,"selections":222,"duration_ms":1413}
[2026-04-17 14:30:24] [WARN] HTTP 500 on GetUpcoming (attempt 3)
[2026-04-17 14:30:24] [ERROR] All 3 attempts failed for GetUpcoming
[2026-04-17 14:30:32] [WARN] HTTP 500 on GetUpcoming (attempt 1)
[2026-04-17 14:30:36] [WARN] HTTP 500 on GetUpcoming (attempt 2)
[2026-04-17 14:30:39] [WARN] HTTP 500 on GetUpcoming (attempt 3)
[2026-04-17 14:30:39] [ERROR] All 3 attempts failed for GetUpcoming
[2026-04-17 14:30:41] [WARN] HTTP 500 on GetUpcoming (attempt 1)
[2026-04-17 14:30:45] [WARN] HTTP 500 on GetUpcoming (attempt 2)
[2026-04-17 14:30:48] [WARN] HTTP 500 on GetUpcoming (attempt 3)
[2026-04-17 14:30:48] [ERROR] All 3 attempts failed for GetUpcoming
[2026-04-17 14:30:54] [WARN] HTTP 500 on GetUpcoming (attempt 1)
[2026-04-17 14:30:58] [WARN] HTTP 500 on GetUpcoming (attempt 2)
[2026-04-17 14:31:02] [WARN] HTTP 500 on GetUpcoming (attempt 3)
[2026-04-17 14:31:02] [ERROR] All 3 attempts failed for GetUpcoming
[2026-04-17 14:31:03] [WARN] HTTP 500 on GetUpcoming (attempt 1)
[2026-04-17 14:31:07] [WARN] HTTP 500 on GetUpcoming (attempt 2)
[2026-04-17 14:31:11] [WARN] HTTP 500 on GetUpcoming (attempt 3)
[2026-04-17 14:31:11] [ERROR] All 3 attempts failed for GetUpcoming
[2026-04-17 14:31:12] [WARN] HTTP 500 on GetUpcoming (attempt 1)
[2026-04-17 14:31:16] [WARN] HTTP 500 on GetUpcoming (attempt 2)
[2026-04-17 14:31:20] [WARN] HTTP 500 on GetUpcoming (attempt 3)
[2026-04-17 14:31:20] [ERROR] All 3 attempts failed for GetUpcoming
[2026-04-17 14:31:22] [WARN] HTTP 500 on GetUpcoming (attempt 1)
[2026-04-17 14:31:23] [WARN] Sync already running for mode: --live
[2026-04-17 14:31:24] [INFO] Live sync done {"events":10,"markets":97,"selections":224,"duration_ms":1107}
[2026-04-17 14:31:26] [WARN] HTTP 500 on GetUpcoming (attempt 2)
[2026-04-17 14:31:29] [WARN] HTTP 500 on GetUpcoming (attempt 3)
[2026-04-17 14:31:29] [ERROR] All 3 attempts failed for GetUpcoming
[2026-04-17 14:31:31] [WARN] HTTP 500 on GetUpcoming (attempt 1)
[2026-04-17 14:31:35] [WARN] HTTP 500 on GetUpcoming (attempt 2)
[2026-04-17 14:31:38] [WARN] HTTP 500 on GetUpcoming (attempt 3)
[2026-04-17 14:31:38] [ERROR] All 3 attempts failed for GetUpcoming
[2026-04-17 14:31:40] [WARN] HTTP 500 on GetUpcoming (attempt 1)
[2026-04-17 14:31:44] [WARN] HTTP 500 on GetUpcoming (attempt 2)
[2026-04-17 14:31:48] [WARN] HTTP 500 on GetUpcoming (attempt 3)
[2026-04-17 14:31:48] [ERROR] All 3 attempts failed for GetUpcoming
[2026-04-17 14:31:50] [WARN] HTTP 500 on GetUpcoming (attempt 1)
[2026-04-17 14:31:54] [WARN] HTTP 500 on GetUpcoming (attempt 2)
[2026-04-17 14:31:57] [WARN] HTTP 500 on GetUpcoming (attempt 3)
[2026-04-17 14:31:57] [ERROR] All 3 attempts failed for GetUpcoming
[2026-04-17 14:31:59] [WARN] HTTP 500 on GetUpcoming (attempt 1)
[2026-04-17 14:32:03] [WARN] HTTP 500 on GetUpcoming (attempt 2)
[2026-04-17 14:32:07] [WARN] HTTP 500 on GetUpcoming (attempt 3)
[2026-04-17 14:32:07] [ERROR] All 3 attempts failed for GetUpcoming
[2026-04-17 14:32:08] [WARN] HTTP 500 on GetUpcoming (attempt 1)
[2026-04-17 14:32:12] [WARN] HTTP 500 on GetUpcoming (attempt 2)
[2026-04-17 14:32:16] [WARN] HTTP 500 on GetUpcoming (attempt 3)
[2026-04-17 14:32:16] [ERROR] All 3 attempts failed for GetUpcoming
[2026-04-17 14:32:18] [WARN] HTTP 500 on GetUpcoming (attempt 1)
[2026-04-17 14:32:22] [WARN] HTTP 500 on GetUpcoming (attempt 2)
[2026-04-17 14:32:23] [WARN] Sync already running for mode: --live
[2026-04-17 14:32:25] [INFO] Live sync done {"events":10,"markets":97,"selections":224,"duration_ms":1606}
[2026-04-17 14:32:26] [WARN] HTTP 500 on GetUpcoming (attempt 3)
[2026-04-17 14:32:26] [ERROR] All 3 attempts failed for GetUpcoming
[2026-04-17 14:32:28] [WARN] HTTP 500 on GetUpcoming (attempt 1)
[2026-04-17 14:32:32] [WARN] HTTP 500 on GetUpcoming (attempt 2)
[2026-04-17 14:32:36] [WARN] HTTP 500 on GetUpcoming (attempt 3)
[2026-04-17 14:32:36] [ERROR] All 3 attempts failed for GetUpcoming
[2026-04-17 14:32:38] [WARN] HTTP 500 on GetUpcoming (attempt 1)
[2026-04-17 14:32:41] [WARN] HTTP 500 on GetUpcoming (attempt 2)
[2026-04-17 14:32:45] [WARN] HTTP 500 on GetUpcoming (attempt 3)
[2026-04-17 14:32:45] [ERROR] All 3 attempts failed for GetUpcoming
[2026-04-17 14:32:47] [WARN] HTTP 500 on GetUpcoming (attempt 1)
[2026-04-17 14:32:51] [WARN] HTTP 500 on GetUpcoming (attempt 2)
[2026-04-17 14:32:55] [WARN] HTTP 500 on GetUpcoming (attempt 3)
[2026-04-17 14:32:55] [ERROR] All 3 attempts failed for GetUpcoming
[2026-04-17 14:32:57] [WARN] HTTP 500 on GetUpcoming (attempt 1)
[2026-04-17 14:33:01] [WARN] HTTP 500 on GetUpcoming (attempt 2)
[2026-04-17 14:33:04] [WARN] HTTP 500 on GetUpcoming (attempt 3)
[2026-04-17 14:33:04] [ERROR] All 3 attempts failed for GetUpcoming
[2026-04-17 14:33:06] [WARN] HTTP 500 on GetUpcoming (attempt 1)
[2026-04-17 14:33:10] [WARN] HTTP 500 on GetUpcoming (attempt 2)
[2026-04-17 14:33:14] [WARN] HTTP 500 on GetUpcoming (attempt 3)
[2026-04-17 14:33:14] [ERROR] All 3 attempts failed for GetUpcoming
[2026-04-17 14:33:16] [WARN] HTTP 500 on GetUpcoming (attempt 1)
[2026-04-17 14:33:20] [WARN] HTTP 500 on GetUpcoming (attempt 2)
[2026-04-17 14:33:23] [WARN] Sync already running for mode: --live
[2026-04-17 14:33:24] [WARN] HTTP 500 on GetUpcoming (attempt 3)
[2026-04-17 14:33:24] [ERROR] All 3 attempts failed for GetUpcoming
[2026-04-17 14:33:24] [INFO] Upcoming sync done {"events":605,"markets":3202,"selections":8661,"duration_ms":241177}
[2026-04-17 14:33:25] [INFO] Live sync done {"events":10,"markets":97,"selections":224,"duration_ms":1624}
[2026-04-17 14:34:23] [WARN] Sync already running for mode: --live
[2026-04-17 14:34:23] [WARN] Sync already running for mode: --upcoming
[2026-04-17 14:34:24] [INFO] Live sync done {"events":10,"markets":97,"selections":224,"duration_ms":1351}
[2026-04-17 14:34:47] [WARN] HTTP 500 on GetUpcoming (attempt 1)
[2026-04-17 14:34:51] [WARN] HTTP 500 on GetUpcoming (attempt 2)
[2026-04-17 14:34:56] [WARN] HTTP 500 on GetUpcoming (attempt 3)
[2026-04-17 14:34:56] [ERROR] All 3 attempts failed for GetUpcoming
[2026-04-17 14:34:58] [WARN] HTTP 500 on GetUpcoming (attempt 1)
[2026-04-17 14:35:02] [WARN] HTTP 500 on GetUpcoming (attempt 2)
[2026-04-17 14:35:06] [WARN] HTTP 500 on GetUpcoming (attempt 3)
[2026-04-17 14:35:06] [ERROR] All 3 attempts failed for GetUpcoming
[2026-04-17 14:35:08] [WARN] HTTP 500 on GetUpcoming (attempt 1)
[2026-04-17 14:35:12] [WARN] HTTP 500 on GetUpcoming (attempt 2)
[2026-04-17 14:35:17] [WARN] HTTP 500 on GetUpcoming (attempt 3)
[2026-04-17 14:35:17] [ERROR] All 3 attempts failed for GetUpcoming
[2026-04-17 14:35:19] [WARN] HTTP 500 on GetUpcoming (attempt 1)
[2026-04-17 14:35:23] [WARN] HTTP 500 on GetUpcoming (attempt 2)
[2026-04-17 14:35:23] [WARN] Sync already running for mode: --live
[2026-04-17 14:35:24] [INFO] Live sync done {"events":11,"markets":108,"selections":249,"duration_ms":1158}
[2026-04-17 14:35:26] [WARN] HTTP 500 on GetUpcoming (attempt 3)
[2026-04-17 14:35:26] [ERROR] All 3 attempts failed for GetUpcoming
[2026-04-17 14:35:34] [WARN] HTTP 500 on GetUpcoming (attempt 1)
[2026-04-17 14:35:38] [WARN] HTTP 500 on GetUpcoming (attempt 2)
[2026-04-17 14:35:42] [WARN] HTTP 500 on GetUpcoming (attempt 3)
[2026-04-17 14:35:42] [ERROR] All 3 attempts failed for GetUpcoming
[2026-04-17 14:35:44] [WARN] HTTP 500 on GetUpcoming (attempt 1)
[2026-04-17 14:35:48] [WARN] HTTP 500 on GetUpcoming (attempt 2)
[2026-04-17 14:35:52] [WARN] HTTP 500 on GetUpcoming (attempt 3)
[2026-04-17 14:35:52] [ERROR] All 3 attempts failed for GetUpcoming
[2026-04-17 14:35:58] [WARN] HTTP 500 on GetUpcoming (attempt 1)
[2026-04-17 14:36:02] [WARN] HTTP 500 on GetUpcoming (attempt 2)
[2026-04-17 14:36:06] [WARN] HTTP 500 on GetUpcoming (attempt 3)
[2026-04-17 14:36:06] [ERROR] All 3 attempts failed for GetUpcoming
[2026-04-17 14:36:08] [WARN] HTTP 500 on GetUpcoming (attempt 1)
[2026-04-17 14:36:12] [WARN] HTTP 500 on GetUpcoming (attempt 2)
[2026-04-17 14:36:15] [WARN] HTTP 500 on GetUpcoming (attempt 3)
[2026-04-17 14:36:15] [ERROR] All 3 attempts failed for GetUpcoming
[2026-04-17 14:36:17] [WARN] HTTP 500 on GetUpcoming (attempt 1)
[2026-04-17 14:36:21] [WARN] HTTP 500 on GetUpcoming (attempt 2)
[2026-04-17 14:36:23] [WARN] Sync already running for mode: --live
[2026-04-17 14:36:25] [INFO] Live sync done {"events":11,"markets":108,"selections":249,"duration_ms":2286}
[2026-04-17 14:36:26] [WARN] HTTP 500 on GetUpcoming (attempt 3)
[2026-04-17 14:36:26] [ERROR] All 3 attempts failed for GetUpcoming
[2026-04-17 14:36:28] [WARN] HTTP 500 on GetUpcoming (attempt 1)
[2026-04-17 14:36:33] [WARN] HTTP 500 on GetUpcoming (attempt 2)
[2026-04-17 14:36:36] [WARN] HTTP 500 on GetUpcoming (attempt 3)
[2026-04-17 14:36:36] [ERROR] All 3 attempts failed for GetUpcoming
[2026-04-17 14:36:38] [WARN] HTTP 500 on GetUpcoming (attempt 1)
[2026-04-17 14:36:42] [WARN] HTTP 500 on GetUpcoming (attempt 2)
[2026-04-17 14:36:46] [WARN] HTTP 500 on GetUpcoming (attempt 3)
[2026-04-17 14:36:46] [ERROR] All 3 attempts failed for GetUpcoming
[2026-04-17 14:36:48] [WARN] HTTP 500 on GetUpcoming (attempt 1)
[2026-04-17 14:36:52] [WARN] HTTP 500 on GetUpcoming (attempt 2)
[2026-04-17 14:36:56] [WARN] HTTP 500 on GetUpcoming (attempt 3)
[2026-04-17 14:36:56] [ERROR] All 3 attempts failed for GetUpcoming
[2026-04-17 14:36:58] [WARN] HTTP 500 on GetUpcoming (attempt 1)
[2026-04-17 14:37:02] [WARN] HTTP 500 on GetUpcoming (attempt 2)
[2026-04-17 14:37:06] [WARN] HTTP 500 on GetUpcoming (attempt 3)
[2026-04-17 14:37:06] [ERROR] All 3 attempts failed for GetUpcoming
[2026-04-17 14:37:08] [WARN] HTTP 500 on GetUpcoming (attempt 1)
[2026-04-17 14:37:11] [WARN] HTTP 500 on GetUpcoming (attempt 2)
[2026-04-17 14:37:15] [WARN] HTTP 500 on GetUpcoming (attempt 3)
[2026-04-17 14:37:15] [ERROR] All 3 attempts failed for GetUpcoming
[2026-04-17 14:37:17] [WARN] HTTP 500 on GetUpcoming (attempt 1)
[2026-04-17 14:37:21] [WARN] HTTP 500 on GetUpcoming (attempt 2)
[2026-04-17 14:37:23] [WARN] Sync already running for mode: --live
[2026-04-17 14:37:25] [INFO] Live sync done {"events":11,"markets":108,"selections":249,"duration_ms":1702}
[2026-04-17 14:37:25] [WARN] HTTP 500 on GetUpcoming (attempt 3)
[2026-04-17 14:37:25] [ERROR] All 3 attempts failed for GetUpcoming
[2026-04-17 14:37:27] [WARN] HTTP 500 on GetUpcoming (attempt 1)
[2026-04-17 14:37:31] [WARN] HTTP 500 on GetUpcoming (attempt 2)
[2026-04-17 14:37:35] [WARN] HTTP 500 on GetUpcoming (attempt 3)
[2026-04-17 14:37:35] [ERROR] All 3 attempts failed for GetUpcoming
[2026-04-17 14:37:37] [WARN] HTTP 500 on GetUpcoming (attempt 1)
[2026-04-17 14:37:41] [WARN] HTTP 500 on GetUpcoming (attempt 2)
[2026-04-17 14:37:46] [WARN] HTTP 500 on GetUpcoming (attempt 3)
[2026-04-17 14:37:46] [ERROR] All 3 attempts failed for GetUpcoming
[2026-04-17 14:37:48] [WARN] HTTP 500 on GetUpcoming (attempt 1)
[2026-04-17 14:37:52] [WARN] HTTP 500 on GetUpcoming (attempt 2)
[2026-04-17 14:37:56] [WARN] HTTP 500 on GetUpcoming (attempt 3)
[2026-04-17 14:37:56] [ERROR] All 3 attempts failed for GetUpcoming
[2026-04-17 14:37:58] [WARN] HTTP 500 on GetUpcoming (attempt 1)
[2026-04-17 14:38:02] [WARN] HTTP 500 on GetUpcoming (attempt 2)
[2026-04-17 14:38:06] [WARN] HTTP 500 on GetUpcoming (attempt 3)
[2026-04-17 14:38:06] [ERROR] All 3 attempts failed for GetUpcoming
[2026-04-17 14:38:08] [WARN] HTTP 500 on GetUpcoming (attempt 1)
[2026-04-17 14:38:12] [WARN] HTTP 500 on GetUpcoming (attempt 2)
[2026-04-17 14:38:16] [WARN] HTTP 500 on GetUpcoming (attempt 3)
[2026-04-17 14:38:16] [ERROR] All 3 attempts failed for GetUpcoming
[2026-04-17 14:38:17] [WARN] HTTP 500 on GetUpcoming (attempt 1)
[2026-04-17 14:38:21] [WARN] HTTP 500 on GetUpcoming (attempt 2)
[2026-04-17 14:38:25] [WARN] HTTP 500 on GetUpcoming (attempt 3)
[2026-04-17 14:38:25] [ERROR] All 3 attempts failed for GetUpcoming
[2026-04-17 14:38:26] [WARN] Sync already running for mode: --live
[2026-04-17 14:38:28] [WARN] HTTP 500 on GetUpcoming (attempt 1)
[2026-04-17 14:38:29] [INFO] Live sync done {"events":11,"markets":108,"selections":249,"duration_ms":2840}
[2026-04-17 14:38:32] [WARN] HTTP 500 on GetUpcoming (attempt 2)
[2026-04-17 14:38:36] [WARN] HTTP 500 on GetUpcoming (attempt 3)
[2026-04-17 14:38:36] [ERROR] All 3 attempts failed for GetUpcoming
[2026-04-17 14:38:36] [INFO] Upcoming sync done {"events":605,"markets":3186,"selections":8605,"duration_ms":252692}
[2026-04-17 14:39:23] [WARN] Sync already running for mode: --live
[2026-04-17 14:39:23] [WARN] Sync already running for mode: --upcoming
[2026-04-17 14:39:25] [INFO] Live sync done {"events":11,"markets":108,"selections":249,"duration_ms":1505}
[2026-04-17 14:39:46] [WARN] HTTP 500 on GetUpcoming (attempt 1)
[2026-04-17 14:39:50] [WARN] HTTP 500 on GetUpcoming (attempt 2)
[2026-04-17 14:39:54] [WARN] HTTP 500 on GetUpcoming (attempt 3)
[2026-04-17 14:39:54] [ERROR] All 3 attempts failed for GetUpcoming
[2026-04-17 14:39:55] [WARN] HTTP 500 on GetUpcoming (attempt 1)
[2026-04-17 14:39:59] [WARN] HTTP 500 on GetUpcoming (attempt 2)
[2026-04-17 14:40:03] [WARN] HTTP 500 on GetUpcoming (attempt 3)
[2026-04-17 14:40:03] [ERROR] All 3 attempts failed for GetUpcoming
[2026-04-17 14:40:05] [WARN] HTTP 500 on GetUpcoming (attempt 1)
[2026-04-17 14:40:08] [WARN] HTTP 500 on GetUpcoming (attempt 2)
[2026-04-17 14:40:12] [WARN] HTTP 500 on GetUpcoming (attempt 3)
[2026-04-17 14:40:12] [ERROR] All 3 attempts failed for GetUpcoming
[2026-04-17 14:40:14] [WARN] HTTP 500 on GetUpcoming (attempt 1)
[2026-04-17 14:40:18] [WARN] HTTP 500 on GetUpcoming (attempt 2)
[2026-04-17 14:40:22] [WARN] HTTP 500 on GetUpcoming (attempt 3)
[2026-04-17 14:40:22] [ERROR] All 3 attempts failed for GetUpcoming
[2026-04-17 14:40:23] [WARN] Sync already running for mode: --live
[2026-04-17 14:40:25] [INFO] Live sync done {"events":11,"markets":108,"selections":249,"duration_ms":1395}
[2026-04-17 14:40:29] [WARN] HTTP 500 on GetUpcoming (attempt 1)
[2026-04-17 14:40:33] [WARN] HTTP 500 on GetUpcoming (attempt 2)
[2026-04-17 14:40:37] [WARN] HTTP 500 on GetUpcoming (attempt 3)
[2026-04-17 14:40:37] [ERROR] All 3 attempts failed for GetUpcoming
[2026-04-17 14:40:39] [WARN] HTTP 500 on GetUpcoming (attempt 1)
[2026-04-17 14:40:43] [WARN] HTTP 500 on GetUpcoming (attempt 2)
[2026-04-17 14:40:47] [WARN] HTTP 500 on GetUpcoming (attempt 3)
[2026-04-17 14:40:47] [ERROR] All 3 attempts failed for GetUpcoming
[2026-04-17 14:40:53] [WARN] HTTP 500 on GetUpcoming (attempt 1)
[2026-04-17 14:40:57] [WARN] HTTP 500 on GetUpcoming (attempt 2)
[2026-04-17 14:41:01] [WARN] HTTP 500 on GetUpcoming (attempt 3)
[2026-04-17 14:41:01] [ERROR] All 3 attempts failed for GetUpcoming
[2026-04-17 14:41:03] [WARN] HTTP 500 on GetUpcoming (attempt 1)
[2026-04-17 14:41:07] [WARN] HTTP 500 on GetUpcoming (attempt 2)
[2026-04-17 14:41:11] [WARN] HTTP 500 on GetUpcoming (attempt 3)
[2026-04-17 14:41:11] [ERROR] All 3 attempts failed for GetUpcoming
[2026-04-17 14:41:13] [WARN] HTTP 500 on GetUpcoming (attempt 1)
[2026-04-17 14:41:17] [WARN] HTTP 500 on GetUpcoming (attempt 2)
[2026-04-17 14:41:21] [WARN] HTTP 500 on GetUpcoming (attempt 3)
[2026-04-17 14:41:21] [ERROR] All 3 attempts failed for GetUpcoming
[2026-04-17 14:41:23] [WARN] HTTP 500 on GetUpcoming (attempt 1)
[2026-04-17 14:41:23] [WARN] Sync already running for mode: --live
[2026-04-17 14:41:25] [INFO] Live sync done {"events":11,"markets":109,"selections":251,"duration_ms":1506}
[2026-04-17 14:41:27] [WARN] HTTP 500 on GetUpcoming (attempt 2)
[2026-04-17 14:41:31] [WARN] HTTP 500 on GetUpcoming (attempt 3)
[2026-04-17 14:41:31] [ERROR] All 3 attempts failed for GetUpcoming
[2026-04-17 14:41:33] [WARN] HTTP 500 on GetUpcoming (attempt 1)
[2026-04-17 14:41:37] [WARN] HTTP 500 on GetUpcoming (attempt 2)
[2026-04-17 14:41:41] [WARN] HTTP 500 on GetUpcoming (attempt 3)
[2026-04-17 14:41:41] [ERROR] All 3 attempts failed for GetUpcoming
[2026-04-17 14:41:43] [WARN] HTTP 500 on GetUpcoming (attempt 1)
[2026-04-17 14:41:47] [WARN] HTTP 500 on GetUpcoming (attempt 2)
[2026-04-17 14:41:51] [WARN] HTTP 500 on GetUpcoming (attempt 3)
[2026-04-17 14:41:51] [ERROR] All 3 attempts failed for GetUpcoming
[2026-04-17 14:41:53] [WARN] HTTP 500 on GetUpcoming (attempt 1)
[2026-04-17 14:41:57] [WARN] HTTP 500 on GetUpcoming (attempt 2)
[2026-04-17 14:42:01] [WARN] HTTP 500 on GetUpcoming (attempt 3)
[2026-04-17 14:42:01] [ERROR] All 3 attempts failed for GetUpcoming
[2026-04-17 14:42:03] [WARN] HTTP 500 on GetUpcoming (attempt 1)
[2026-04-17 14:42:07] [WARN] HTTP 500 on GetUpcoming (attempt 2)
[2026-04-17 14:42:11] [WARN] HTTP 500 on GetUpcoming (attempt 3)
[2026-04-17 14:42:11] [ERROR] All 3 attempts failed for GetUpcoming
[2026-04-17 14:42:13] [WARN] HTTP 500 on GetUpcoming (attempt 1)
[2026-04-17 14:42:16] [WARN] HTTP 500 on GetUpcoming (attempt 2)
[2026-04-17 14:42:21] [WARN] HTTP 500 on GetUpcoming (attempt 3)
[2026-04-17 14:42:21] [ERROR] All 3 attempts failed for GetUpcoming
[2026-04-17 14:42:23] [WARN] HTTP 500 on GetUpcoming (attempt 1)
[2026-04-17 14:42:23] [WARN] Sync already running for mode: --live
[2026-04-17 14:42:24] [INFO] Live sync done {"events":10,"markets":100,"selections":230,"duration_ms":1476}
[2026-04-17 14:42:27] [WARN] HTTP 500 on GetUpcoming (attempt 2)
[2026-04-17 14:42:31] [WARN] HTTP 500 on GetUpcoming (attempt 3)
[2026-04-17 14:42:31] [ERROR] All 3 attempts failed for GetUpcoming
[2026-04-17 14:42:33] [WARN] HTTP 500 on GetUpcoming (attempt 1)
[2026-04-17 14:42:37] [WARN] HTTP 500 on GetUpcoming (attempt 2)
[2026-04-17 14:42:41] [WARN] HTTP 500 on GetUpcoming (attempt 3)
[2026-04-17 14:42:41] [ERROR] All 3 attempts failed for GetUpcoming
[2026-04-17 14:42:43] [WARN] HTTP 500 on GetUpcoming (attempt 1)
[2026-04-17 14:42:46] [WARN] HTTP 500 on GetUpcoming (attempt 2)
[2026-04-17 14:42:50] [WARN] HTTP 500 on GetUpcoming (attempt 3)
[2026-04-17 14:42:50] [ERROR] All 3 attempts failed for GetUpcoming
[2026-04-17 14:42:52] [WARN] HTTP 500 on GetUpcoming (attempt 1)
[2026-04-17 14:42:56] [WARN] HTTP 500 on GetUpcoming (attempt 2)
[2026-04-17 14:43:00] [WARN] HTTP 500 on GetUpcoming (attempt 3)
[2026-04-17 14:43:00] [ERROR] All 3 attempts failed for GetUpcoming
[2026-04-17 14:43:03] [WARN] HTTP 500 on GetUpcoming (attempt 1)
[2026-04-17 14:43:07] [WARN] HTTP 500 on GetUpcoming (attempt 2)
[2026-04-17 14:43:10] [WARN] HTTP 500 on GetUpcoming (attempt 3)
[2026-04-17 14:43:10] [ERROR] All 3 attempts failed for GetUpcoming
[2026-04-17 14:43:12] [WARN] HTTP 500 on GetUpcoming (attempt 1)
[2026-04-17 14:43:16] [WARN] HTTP 500 on GetUpcoming (attempt 2)
[2026-04-17 14:43:20] [WARN] HTTP 500 on GetUpcoming (attempt 3)
[2026-04-17 14:43:20] [ERROR] All 3 attempts failed for GetUpcoming
[2026-04-17 14:43:22] [WARN] HTTP 500 on GetUpcoming (attempt 1)
[2026-04-17 14:43:23] [WARN] Sync already running for mode: --live
[2026-04-17 14:43:24] [INFO] Live sync done {"events":10,"markets":101,"selections":232,"duration_ms":1306}
[2026-04-17 14:43:26] [WARN] HTTP 500 on GetUpcoming (attempt 2)
[2026-04-17 14:43:30] [WARN] HTTP 500 on GetUpcoming (attempt 3)
[2026-04-17 14:43:30] [ERROR] All 3 attempts failed for GetUpcoming
[2026-04-17 14:43:30] [INFO] Upcoming sync done {"events":607,"markets":3195,"selections":8627,"duration_ms":247115}
[2026-04-17 14:44:23] [WARN] Sync already running for mode: --live
[2026-04-17 14:44:23] [WARN] Sync already running for mode: --upcoming
[2026-04-17 14:44:25] [INFO] Live sync done {"events":10,"markets":101,"selections":232,"duration_ms":1650}
[2026-04-17 14:44:49] [WARN] HTTP 500 on GetUpcoming (attempt 1)
[2026-04-17 14:44:53] [WARN] HTTP 500 on GetUpcoming (attempt 2)
[2026-04-17 14:44:57] [WARN] HTTP 500 on GetUpcoming (attempt 3)
[2026-04-17 14:44:57] [ERROR] All 3 attempts failed for GetUpcoming
[2026-04-17 14:45:00] [WARN] HTTP 500 on GetUpcoming (attempt 1)
[2026-04-17 14:45:04] [WARN] HTTP 500 on GetUpcoming (attempt 2)
[2026-04-17 14:45:07] [WARN] HTTP 500 on GetUpcoming (attempt 3)
[2026-04-17 14:45:07] [ERROR] All 3 attempts failed for GetUpcoming
[2026-04-17 14:45:09] [WARN] HTTP 500 on GetUpcoming (attempt 1)
[2026-04-17 14:45:14] [WARN] HTTP 500 on GetUpcoming (attempt 2)
[2026-04-17 14:45:17] [WARN] HTTP 500 on GetUpcoming (attempt 3)
[2026-04-17 14:45:17] [ERROR] All 3 attempts failed for GetUpcoming
[2026-04-17 14:45:19] [WARN] HTTP 500 on GetUpcoming (attempt 1)
[2026-04-17 14:45:23] [WARN] Sync already running for mode: --live
[2026-04-17 14:45:23] [WARN] HTTP 500 on GetUpcoming (attempt 2)
[2026-04-17 14:45:24] [INFO] Live sync done {"events":10,"markets":101,"selections":232,"duration_ms":1495}
[2026-04-17 14:45:27] [WARN] HTTP 500 on GetUpcoming (attempt 3)
[2026-04-17 14:45:27] [ERROR] All 3 attempts failed for GetUpcoming
[2026-04-17 14:45:35] [WARN] HTTP 500 on GetUpcoming (attempt 1)
[2026-04-17 14:45:39] [WARN] HTTP 500 on GetUpcoming (attempt 2)
[2026-04-17 14:45:43] [WARN] HTTP 500 on GetUpcoming (attempt 3)
[2026-04-17 14:45:43] [ERROR] All 3 attempts failed for GetUpcoming
[2026-04-17 14:45:45] [WARN] HTTP 500 on GetUpcoming (attempt 1)
[2026-04-17 14:45:49] [WARN] HTTP 500 on GetUpcoming (attempt 2)
[2026-04-17 14:45:53] [WARN] HTTP 500 on GetUpcoming (attempt 3)
[2026-04-17 14:45:53] [ERROR] All 3 attempts failed for GetUpcoming
[2026-04-17 14:45:59] [WARN] HTTP 500 on GetUpcoming (attempt 1)
[2026-04-17 14:46:03] [WARN] HTTP 500 on GetUpcoming (attempt 2)
[2026-04-17 14:46:07] [WARN] HTTP 500 on GetUpcoming (attempt 3)
[2026-04-17 14:46:07] [ERROR] All 3 attempts failed for GetUpcoming
[2026-04-17 14:46:09] [WARN] HTTP 500 on GetUpcoming (attempt 1)
[2026-04-17 14:46:13] [WARN] HTTP 500 on GetUpcoming (attempt 2)
[2026-04-17 14:46:17] [WARN] HTTP 500 on GetUpcoming (attempt 3)
[2026-04-17 14:46:17] [ERROR] All 3 attempts failed for GetUpcoming
[2026-04-17 14:46:19] [WARN] HTTP 500 on GetUpcoming (attempt 1)
[2026-04-17 14:46:23] [WARN] HTTP 500 on GetUpcoming (attempt 2)
[2026-04-17 14:46:23] [WARN] Sync already running for mode: --live
[2026-04-17 14:46:24] [INFO] Live sync done {"events":10,"markets":102,"selections":234,"duration_ms":1288}
[2026-04-17 14:46:27] [WARN] HTTP 500 on GetUpcoming (attempt 3)
[2026-04-17 14:46:27] [ERROR] All 3 attempts failed for GetUpcoming
[2026-04-17 14:46:29] [WARN] HTTP 500 on GetUpcoming (attempt 1)
[2026-04-17 14:46:33] [WARN] HTTP 500 on GetUpcoming (attempt 2)
[2026-04-17 14:46:37] [WARN] HTTP 500 on GetUpcoming (attempt 3)
[2026-04-17 14:46:37] [ERROR] All 3 attempts failed for GetUpcoming
[2026-04-17 14:46:40] [WARN] HTTP 500 on GetUpcoming (attempt 1)
[2026-04-17 14:46:44] [WARN] HTTP 500 on GetUpcoming (attempt 2)
[2026-04-17 14:46:48] [WARN] HTTP 500 on GetUpcoming (attempt 3)
[2026-04-17 14:46:48] [ERROR] All 3 attempts failed for GetUpcoming
[2026-04-17 14:46:50] [WARN] HTTP 500 on GetUpcoming (attempt 1)
[2026-04-17 14:46:54] [WARN] HTTP 500 on GetUpcoming (attempt 2)
[2026-04-17 14:46:58] [WARN] HTTP 500 on GetUpcoming (attempt 3)
[2026-04-17 14:46:58] [ERROR] All 3 attempts failed for GetUpcoming
[2026-04-17 14:47:00] [WARN] HTTP 500 on GetUpcoming (attempt 1)
[2026-04-17 14:47:04] [WARN] HTTP 500 on GetUpcoming (attempt 2)
[2026-04-17 14:47:08] [WARN] HTTP 500 on GetUpcoming (attempt 3)
[2026-04-17 14:47:08] [ERROR] All 3 attempts failed for GetUpcoming
[2026-04-17 14:47:10] [WARN] HTTP 500 on GetUpcoming (attempt 1)
[2026-04-17 14:47:13] [WARN] HTTP 500 on GetUpcoming (attempt 2)
[2026-04-17 14:47:17] [WARN] HTTP 500 on GetUpcoming (attempt 3)
[2026-04-17 14:47:17] [ERROR] All 3 attempts failed for GetUpcoming
[2026-04-17 14:47:19] [WARN] HTTP 500 on GetUpcoming (attempt 1)
[2026-04-17 14:47:23] [WARN] Sync already running for mode: --live
[2026-04-17 14:47:23] [WARN] HTTP 500 on GetUpcoming (attempt 2)
[2026-04-17 14:47:25] [INFO] Live sync done {"events":9,"markets":92,"selections":211,"duration_ms":1593}
[2026-04-17 14:47:28] [WARN] HTTP 500 on GetUpcoming (attempt 3)
[2026-04-17 14:47:28] [ERROR] All 3 attempts failed for GetUpcoming
[2026-04-17 14:47:30] [WARN] HTTP 500 on GetUpcoming (attempt 1)
[2026-04-17 14:47:33] [WARN] HTTP 500 on GetUpcoming (attempt 2)
[2026-04-17 14:47:37] [WARN] HTTP 500 on GetUpcoming (attempt 3)
[2026-04-17 14:47:37] [ERROR] All 3 attempts failed for GetUpcoming
[2026-04-17 14:47:39] [WARN] HTTP 500 on GetUpcoming (attempt 1)
[2026-04-17 14:47:43] [WARN] HTTP 500 on GetUpcoming (attempt 2)
[2026-04-17 14:47:47] [WARN] HTTP 500 on GetUpcoming (attempt 3)
[2026-04-17 14:47:47] [ERROR] All 3 attempts failed for GetUpcoming
[2026-04-17 14:47:49] [WARN] HTTP 500 on GetUpcoming (attempt 1)
[2026-04-17 14:47:53] [WARN] HTTP 500 on GetUpcoming (attempt 2)
[2026-04-17 14:47:57] [WARN] HTTP 500 on GetUpcoming (attempt 3)
[2026-04-17 14:47:57] [ERROR] All 3 attempts failed for GetUpcoming
[2026-04-17 14:47:59] [WARN] HTTP 500 on GetUpcoming (attempt 1)
[2026-04-17 14:48:03] [WARN] HTTP 500 on GetUpcoming (attempt 2)
[2026-04-17 14:48:07] [WARN] HTTP 500 on GetUpcoming (attempt 3)
[2026-04-17 14:48:07] [ERROR] All 3 attempts failed for GetUpcoming
[2026-04-17 14:48:09] [WARN] HTTP 500 on GetUpcoming (attempt 1)
[2026-04-17 14:48:13] [WARN] HTTP 500 on GetUpcoming (attempt 2)
[2026-04-17 14:48:17] [WARN] HTTP 500 on GetUpcoming (attempt 3)
[2026-04-17 14:48:17] [ERROR] All 3 attempts failed for GetUpcoming
[2026-04-17 14:48:19] [WARN] HTTP 500 on GetUpcoming (attempt 1)
[2026-04-17 14:48:23] [WARN] HTTP 500 on GetUpcoming (attempt 2)
[2026-04-17 14:48:23] [WARN] Sync already running for mode: --live
[2026-04-17 14:48:24] [INFO] Live sync done {"events":9,"markets":92,"selections":211,"duration_ms":1283}
[2026-04-17 14:48:27] [WARN] HTTP 500 on GetUpcoming (attempt 3)
[2026-04-17 14:48:27] [ERROR] All 3 attempts failed for GetUpcoming
[2026-04-17 14:48:29] [WARN] HTTP 500 on GetUpcoming (attempt 1)
[2026-04-17 14:48:33] [WARN] HTTP 500 on GetUpcoming (attempt 2)
[2026-04-17 14:48:37] [WARN] HTTP 500 on GetUpcoming (attempt 3)
[2026-04-17 14:48:37] [ERROR] All 3 attempts failed for GetUpcoming
[2026-04-17 14:48:37] [INFO] Upcoming sync done {"events":608,"markets":3201,"selections":8639,"duration_ms":254098}
[2026-04-17 14:49:23] [WARN] Sync already running for mode: --live
[2026-04-17 14:49:23] [WARN] Sync already running for mode: --upcoming
[2026-04-17 14:49:23] [WARN] Sync already running for mode: --full
[2026-04-17 14:49:25] [INFO] Synced 34 sports
[2026-04-17 14:49:25] [INFO] Live sync done {"events":9,"markets":92,"selections":211,"duration_ms":1611}
[2026-04-17 14:49:25] [ERROR] Live sync failed {"error":"SQLSTATE[40001]: Serialization failure: 1213 Deadlock found when trying to get lock; try restarting transaction"}
[2026-04-17 14:49:50] [WARN] HTTP 500 on GetUpcoming (attempt 1)
[2026-04-17 14:49:53] [WARN] HTTP 500 on GetUpcoming (attempt 1)
[2026-04-17 14:49:54] [WARN] HTTP 500 on GetUpcoming (attempt 2)
[2026-04-17 14:49:56] [WARN] HTTP 500 on GetUpcoming (attempt 2)
[2026-04-17 14:49:58] [WARN] HTTP 500 on GetUpcoming (attempt 3)
[2026-04-17 14:49:58] [ERROR] All 3 attempts failed for GetUpcoming
[2026-04-17 14:50:00] [WARN] HTTP 500 on GetUpcoming (attempt 1)
[2026-04-17 14:50:01] [WARN] HTTP 500 on GetUpcoming (attempt 3)
[2026-04-17 14:50:01] [ERROR] All 3 attempts failed for GetUpcoming
[2026-04-17 14:50:02] [WARN] HTTP 500 on GetUpcoming (attempt 1)
[2026-04-17 14:50:04] [WARN] HTTP 500 on GetUpcoming (attempt 2)
[2026-04-17 14:50:06] [WARN] HTTP 500 on GetUpcoming (attempt 2)
[2026-04-17 14:50:08] [WARN] HTTP 500 on GetUpcoming (attempt 3)
[2026-04-17 14:50:08] [ERROR] All 3 attempts failed for GetUpcoming
[2026-04-17 14:50:10] [WARN] HTTP 500 on GetUpcoming (attempt 1)
[2026-04-17 14:50:10] [WARN] HTTP 500 on GetUpcoming (attempt 3)
[2026-04-17 14:50:10] [ERROR] All 3 attempts failed for GetUpcoming
[2026-04-17 14:50:12] [WARN] HTTP 500 on GetUpcoming (attempt 1)
[2026-04-17 14:50:14] [WARN] HTTP 500 on GetUpcoming (attempt 2)
[2026-04-17 14:50:16] [WARN] HTTP 500 on GetUpcoming (attempt 2)
[2026-04-17 14:50:17] [WARN] HTTP 500 on GetUpcoming (attempt 3)
[2026-04-17 14:50:17] [ERROR] All 3 attempts failed for GetUpcoming
[2026-04-17 14:50:19] [WARN] HTTP 500 on GetUpcoming (attempt 1)
[2026-04-17 14:50:20] [WARN] HTTP 500 on GetUpcoming (attempt 3)
[2026-04-17 14:50:20] [ERROR] All 3 attempts failed for GetUpcoming
[2026-04-17 14:50:22] [WARN] HTTP 500 on GetUpcoming (attempt 1)
[2026-04-17 14:50:23] [WARN] Sync already running for mode: --live
[2026-04-17 14:50:24] [WARN] HTTP 500 on GetUpcoming (attempt 2)
[2026-04-17 14:50:24] [INFO] Live sync done {"events":9,"markets":92,"selections":211,"duration_ms":1170}
[2026-04-17 14:50:26] [WARN] HTTP 500 on GetUpcoming (attempt 2)
[2026-04-17 14:50:27] [WARN] HTTP 500 on GetUpcoming (attempt 3)
[2026-04-17 14:50:27] [ERROR] All 3 attempts failed for GetUpcoming
[2026-04-17 14:50:30] [WARN] HTTP 500 on GetUpcoming (attempt 3)
[2026-04-17 14:50:30] [ERROR] All 3 attempts failed for GetUpcoming
[2026-04-17 14:50:36] [WARN] HTTP 500 on GetUpcoming (attempt 1)
[2026-04-17 14:50:39] [WARN] HTTP 500 on GetUpcoming (attempt 1)
[2026-04-17 14:50:41] [WARN] HTTP 500 on GetUpcoming (attempt 2)
[2026-04-17 14:50:44] [WARN] HTTP 500 on GetUpcoming (attempt 2)
[2026-04-17 14:50:45] [WARN] HTTP 500 on GetUpcoming (attempt 3)
[2026-04-17 14:50:45] [ERROR] All 3 attempts failed for GetUpcoming
[2026-04-17 14:50:47] [WARN] HTTP 500 on GetUpcoming (attempt 1)
[2026-04-17 14:50:48] [WARN] HTTP 500 on GetUpcoming (attempt 3)
[2026-04-17 14:50:48] [ERROR] All 3 attempts failed for GetUpcoming
[2026-04-17 14:50:50] [WARN] HTTP 500 on GetUpcoming (attempt 1)
[2026-04-17 14:50:51] [WARN] HTTP 500 on GetUpcoming (attempt 2)
[2026-04-17 14:50:55] [WARN] HTTP 500 on GetUpcoming (attempt 3)
[2026-04-17 14:50:55] [ERROR] All 3 attempts failed for GetUpcoming
[2026-04-17 14:50:59] [WARN] HTTP 500 on GetUpcoming (attempt 2)
[2026-04-17 14:51:01] [WARN] HTTP 500 on GetUpcoming (attempt 1)
[2026-04-17 14:51:02] [WARN] HTTP 500 on GetUpcoming (attempt 3)
[2026-04-17 14:51:02] [ERROR] All 3 attempts failed for GetUpcoming
[2026-04-17 14:51:05] [WARN] HTTP 500 on GetUpcoming (attempt 2)
[2026-04-17 14:51:09] [WARN] HTTP 500 on GetUpcoming (attempt 1)
[2026-04-17 14:51:10] [WARN] HTTP 500 on GetUpcoming (attempt 3)
[2026-04-17 14:51:10] [ERROR] All 3 attempts failed for GetUpcoming
[2026-04-17 14:51:12] [WARN] HTTP 500 on GetUpcoming (attempt 1)
[2026-04-17 14:51:13] [WARN] HTTP 500 on GetUpcoming (attempt 2)
[2026-04-17 14:51:16] [WARN] HTTP 500 on GetUpcoming (attempt 2)
[2026-04-17 14:51:17] [WARN] HTTP 500 on GetUpcoming (attempt 3)
[2026-04-17 14:51:17] [ERROR] All 3 attempts failed for GetUpcoming
[2026-04-17 14:51:20] [WARN] HTTP 500 on GetUpcoming (attempt 1)
[2026-04-17 14:51:20] [WARN] HTTP 500 on GetUpcoming (attempt 3)
[2026-04-17 14:51:20] [ERROR] All 3 attempts failed for GetUpcoming
[2026-04-17 14:51:22] [WARN] HTTP 500 on GetUpcoming (attempt 1)
[2026-04-17 14:51:23] [WARN] Sync already running for mode: --live
[2026-04-17 14:51:24] [WARN] HTTP 500 on GetUpcoming (attempt 2)
[2026-04-17 14:51:24] [INFO] Live sync done {"events":9,"markets":92,"selections":211,"duration_ms":1228}
[2026-04-17 14:51:26] [WARN] HTTP 500 on GetUpcoming (attempt 2)
[2026-04-17 14:51:28] [WARN] HTTP 500 on GetUpcoming (attempt 3)
[2026-04-17 14:51:28] [ERROR] All 3 attempts failed for GetUpcoming
[2026-04-17 14:51:30] [WARN] HTTP 500 on GetUpcoming (attempt 1)
[2026-04-17 14:51:30] [WARN] HTTP 500 on GetUpcoming (attempt 3)
[2026-04-17 14:51:30] [ERROR] All 3 attempts failed for GetUpcoming
[2026-04-17 14:51:32] [WARN] HTTP 500 on GetUpcoming (attempt 1)
[2026-04-17 14:51:34] [WARN] HTTP 500 on GetUpcoming (attempt 2)
[2026-04-17 14:51:36] [WARN] HTTP 500 on GetUpcoming (attempt 2)
[2026-04-17 14:51:38] [WARN] HTTP 500 on GetUpcoming (attempt 3)
[2026-04-17 14:51:38] [ERROR] All 3 attempts failed for GetUpcoming
[2026-04-17 14:51:41] [WARN] HTTP 500 on GetUpcoming (attempt 1)
[2026-04-17 14:51:41] [WARN] HTTP 500 on GetUpcoming (attempt 3)
[2026-04-17 14:51:41] [ERROR] All 3 attempts failed for GetUpcoming
[2026-04-17 14:51:43] [WARN] HTTP 500 on GetUpcoming (attempt 1)
[2026-04-17 14:51:45] [WARN] HTTP 500 on GetUpcoming (attempt 2)
[2026-04-17 14:51:47] [WARN] HTTP 500 on GetUpcoming (attempt 2)
[2026-04-17 14:51:50] [WARN] HTTP 500 on GetUpcoming (attempt 3)
[2026-04-17 14:51:50] [ERROR] All 3 attempts failed for GetUpcoming
[2026-04-17 14:51:52] [WARN] HTTP 500 on GetUpcoming (attempt 3)
[2026-04-17 14:51:52] [ERROR] All 3 attempts failed for GetUpcoming
[2026-04-17 14:51:52] [WARN] HTTP 500 on GetUpcoming (attempt 1)
[2026-04-17 14:51:54] [WARN] HTTP 500 on GetUpcoming (attempt 1)
[2026-04-17 14:51:56] [WARN] HTTP 500 on GetUpcoming (attempt 2)
[2026-04-17 14:51:58] [WARN] HTTP 500 on GetUpcoming (attempt 2)
[2026-04-17 14:52:00] [WARN] HTTP 500 on GetUpcoming (attempt 3)
[2026-04-17 14:52:00] [ERROR] All 3 attempts failed for GetUpcoming
[2026-04-17 14:52:03] [WARN] HTTP 500 on GetUpcoming (attempt 1)
[2026-04-17 14:52:03] [WARN] HTTP 500 on GetUpcoming (attempt 3)
[2026-04-17 14:52:03] [ERROR] All 3 attempts failed for GetUpcoming
[2026-04-17 14:52:05] [WARN] HTTP 500 on GetUpcoming (attempt 1)
[2026-04-17 14:52:07] [WARN] HTTP 500 on GetUpcoming (attempt 2)
[2026-04-17 14:52:09] [WARN] HTTP 500 on GetUpcoming (attempt 2)
[2026-04-17 14:52:11] [WARN] HTTP 500 on GetUpcoming (attempt 3)
[2026-04-17 14:52:11] [ERROR] All 3 attempts failed for GetUpcoming
[2026-04-17 14:52:13] [WARN] HTTP 500 on GetUpcoming (attempt 3)
[2026-04-17 14:52:13] [ERROR] All 3 attempts failed for GetUpcoming
[2026-04-17 14:52:13] [WARN] HTTP 500 on GetUpcoming (attempt 1)
[2026-04-17 14:52:15] [WARN] HTTP 500 on GetUpcoming (attempt 1)
[2026-04-17 14:52:17] [WARN] HTTP 500 on GetUpcoming (attempt 2)
[2026-04-17 14:52:19] [WARN] HTTP 500 on GetUpcoming (attempt 2)
[2026-04-17 14:52:21] [WARN] HTTP 500 on GetUpcoming (attempt 3)
[2026-04-17 14:52:21] [ERROR] All 3 attempts failed for GetUpcoming
[2026-04-17 14:52:23] [WARN] Sync already running for mode: --live
[2026-04-17 14:52:23] [WARN] HTTP 500 on GetUpcoming (attempt 1)
[2026-04-17 14:52:24] [WARN] HTTP 500 on GetUpcoming (attempt 3)
[2026-04-17 14:52:24] [ERROR] All 3 attempts failed for GetUpcoming
[2026-04-17 14:52:25] [INFO] Live sync done {"events":9,"markets":92,"selections":211,"duration_ms":1540}
[2026-04-17 14:52:26] [WARN] HTTP 500 on GetUpcoming (attempt 1)
[2026-04-17 14:52:27] [WARN] HTTP 500 on GetUpcoming (attempt 2)
[2026-04-17 14:52:30] [WARN] HTTP 500 on GetUpcoming (attempt 2)
[2026-04-17 14:52:31] [WARN] HTTP 500 on GetUpcoming (attempt 3)
[2026-04-17 14:52:31] [ERROR] All 3 attempts failed for GetUpcoming
[2026-04-17 14:52:34] [WARN] HTTP 500 on GetUpcoming (attempt 1)
[2026-04-17 14:52:34] [WARN] HTTP 500 on GetUpcoming (attempt 3)
[2026-04-17 14:52:34] [ERROR] All 3 attempts failed for GetUpcoming
[2026-04-17 14:52:37] [WARN] HTTP 500 on GetUpcoming (attempt 1)
[2026-04-17 14:52:38] [WARN] HTTP 500 on GetUpcoming (attempt 2)
[2026-04-17 14:52:41] [WARN] HTTP 500 on GetUpcoming (attempt 2)
[2026-04-17 14:52:42] [WARN] HTTP 500 on GetUpcoming (attempt 3)
[2026-04-17 14:52:42] [ERROR] All 3 attempts failed for GetUpcoming
[2026-04-17 14:52:45] [WARN] HTTP 500 on GetUpcoming (attempt 1)
[2026-04-17 14:52:45] [WARN] HTTP 500 on GetUpcoming (attempt 3)
[2026-04-17 14:52:45] [ERROR] All 3 attempts failed for GetUpcoming
[2026-04-17 14:52:47] [WARN] HTTP 500 on GetUpcoming (attempt 1)
[2026-04-17 14:52:49] [WARN] HTTP 500 on GetUpcoming (attempt 2)
[2026-04-17 14:52:51] [WARN] HTTP 500 on GetUpcoming (attempt 2)
[2026-04-17 14:52:53] [WARN] HTTP 500 on GetUpcoming (attempt 3)
[2026-04-17 14:52:53] [ERROR] All 3 attempts failed for GetUpcoming
[2026-04-17 14:52:55] [WARN] HTTP 500 on GetUpcoming (attempt 1)
[2026-04-17 14:52:56] [WARN] HTTP 500 on GetUpcoming (attempt 3)
[2026-04-17 14:52:56] [ERROR] All 3 attempts failed for GetUpcoming
[2026-04-17 14:52:57] [WARN] HTTP 500 on GetUpcoming (attempt 1)
[2026-04-17 14:52:58] [WARN] HTTP 500 on GetUpcoming (attempt 2)
[2026-04-17 14:53:00] [WARN] HTTP 500 on GetUpcoming (attempt 2)
[2026-04-17 14:53:01] [WARN] HTTP 500 on GetUpcoming (attempt 3)
[2026-04-17 14:53:01] [ERROR] All 3 attempts failed for GetUpcoming
[2026-04-17 14:53:01] [WARN] HTTP 500 on GetUpcoming (attempt 1)
[2026-04-17 14:53:02] [WARN] HTTP 500 on GetUpcoming (attempt 3)
[2026-04-17 14:53:02] [ERROR] All 3 attempts failed for GetUpcoming
[2026-04-17 14:53:03] [WARN] HTTP 500 on GetUpcoming (attempt 1)
[2026-04-17 14:53:04] [WARN] HTTP 500 on GetUpcoming (attempt 2)
[2026-04-17 14:53:06] [WARN] HTTP 500 on GetUpcoming (attempt 2)
[2026-04-17 14:53:07] [WARN] HTTP 500 on GetUpcoming (attempt 3)
[2026-04-17 14:53:07] [ERROR] All 3 attempts failed for GetUpcoming
[2026-04-17 14:53:07] [WARN] HTTP 500 on GetUpcoming (attempt 1)
[2026-04-17 14:53:08] [WARN] HTTP 500 on GetUpcoming (attempt 3)
[2026-04-17 14:53:08] [ERROR] All 3 attempts failed for GetUpcoming
[2026-04-17 14:53:09] [WARN] HTTP 500 on GetUpcoming (attempt 1)
[2026-04-17 14:53:10] [WARN] HTTP 500 on GetUpcoming (attempt 2)
[2026-04-17 14:53:11] [WARN] HTTP 500 on GetUpcoming (attempt 2)
[2026-04-17 14:53:12] [WARN] HTTP 500 on GetUpcoming (attempt 3)
[2026-04-17 14:53:12] [ERROR] All 3 attempts failed for GetUpcoming
[2026-04-17 14:53:13] [WARN] HTTP 500 on GetUpcoming (attempt 1)
[2026-04-17 14:53:14] [WARN] HTTP 500 on GetUpcoming (attempt 3)
[2026-04-17 14:53:14] [ERROR] All 3 attempts failed for GetUpcoming
[2026-04-17 14:53:15] [WARN] HTTP 500 on GetUpcoming (attempt 1)
[2026-04-17 14:53:16] [WARN] HTTP 500 on GetUpcoming (attempt 2)
[2026-04-17 14:53:17] [WARN] HTTP 500 on GetUpcoming (attempt 2)
[2026-04-17 14:53:18] [WARN] HTTP 500 on GetUpcoming (attempt 3)
[2026-04-17 14:53:18] [ERROR] All 3 attempts failed for GetUpcoming
[2026-04-17 14:53:19] [WARN] HTTP 500 on GetUpcoming (attempt 1)
[2026-04-17 14:53:20] [WARN] HTTP 500 on GetUpcoming (attempt 3)
[2026-04-17 14:53:20] [ERROR] All 3 attempts failed for GetUpcoming
[2026-04-17 14:53:20] [WARN] HTTP 500 on GetUpcoming (attempt 1)
[2026-04-17 14:53:21] [WARN] HTTP 500 on GetUpcoming (attempt 2)
[2026-04-17 14:53:23] [WARN] HTTP 500 on GetUpcoming (attempt 2)
[2026-04-17 14:53:23] [WARN] Sync already running for mode: --live
[2026-04-17 14:53:23] [INFO] Live sync done {"events":9,"markets":92,"selections":211,"duration_ms":690}
[2026-04-17 14:53:24] [WARN] HTTP 500 on GetUpcoming (attempt 3)
[2026-04-17 14:53:24] [ERROR] All 3 attempts failed for GetUpcoming
[2026-04-17 14:53:25] [WARN] HTTP 500 on GetUpcoming (attempt 1)
[2026-04-17 14:53:25] [WARN] HTTP 500 on GetUpcoming (attempt 3)
[2026-04-17 14:53:25] [ERROR] All 3 attempts failed for GetUpcoming
[2026-04-17 14:53:25] [INFO] Upcoming sync done {"events":608,"markets":3201,"selections":8641,"duration_ms":242022}
[2026-04-17 14:53:27] [WARN] HTTP 500 on GetUpcoming (attempt 2)
[2026-04-17 14:53:30] [WARN] HTTP 500 on GetUpcoming (attempt 3)
[2026-04-17 14:53:30] [ERROR] All 3 attempts failed for GetUpcoming
[2026-04-17 14:53:30] [INFO] Upcoming sync done {"events":608,"markets":3201,"selections":8641,"duration_ms":244112}
[2026-04-17 14:53:30] [INFO] SelfHealer: deactivated 10 zero-odds selections
[2026-04-17 14:54:23] [WARN] Sync already running for mode: --upcoming
[2026-04-17 14:54:23] [WARN] Sync already running for mode: --live
[2026-04-17 14:54:24] [INFO] Live sync done {"events":9,"markets":92,"selections":211,"duration_ms":1168}
[2026-04-17 14:54:36] [WARN] HTTP 500 on GetUpcoming (attempt 1)
[2026-04-17 14:54:38] [WARN] HTTP 500 on GetUpcoming (attempt 2)
[2026-04-17 14:54:41] [WARN] HTTP 500 on GetUpcoming (attempt 3)
[2026-04-17 14:54:41] [ERROR] All 3 attempts failed for GetUpcoming
[2026-04-17 14:54:41] [WARN] HTTP 500 on GetUpcoming (attempt 1)
[2026-04-17 14:54:44] [WARN] HTTP 500 on GetUpcoming (attempt 2)
[2026-04-17 14:54:46] [WARN] HTTP 500 on GetUpcoming (attempt 3)
[2026-04-17 14:54:46] [ERROR] All 3 attempts failed for GetUpcoming
[2026-04-17 14:54:47] [WARN] HTTP 500 on GetUpcoming (attempt 1)
[2026-04-17 14:54:49] [WARN] HTTP 500 on GetUpcoming (attempt 2)
[2026-04-17 14:54:52] [WARN] HTTP 500 on GetUpcoming (attempt 3)
[2026-04-17 14:54:52] [ERROR] All 3 attempts failed for GetUpcoming
[2026-04-17 14:54:53] [WARN] HTTP 500 on GetUpcoming (attempt 1)
[2026-04-17 14:54:55] [WARN] HTTP 500 on GetUpcoming (attempt 2)
[2026-04-17 14:54:58] [WARN] HTTP 500 on GetUpcoming (attempt 3)
[2026-04-17 14:54:58] [ERROR] All 3 attempts failed for GetUpcoming
[2026-04-17 14:55:00] [WARN] HTTP 500 on GetUpcoming (attempt 1)
[2026-04-17 14:55:03] [WARN] HTTP 500 on GetUpcoming (attempt 2)
[2026-04-17 14:55:06] [WARN] HTTP 500 on GetUpcoming (attempt 3)
[2026-04-17 14:55:06] [ERROR] All 3 attempts failed for GetUpcoming
[2026-04-17 14:55:06] [WARN] HTTP 500 on GetUpcoming (attempt 1)
[2026-04-17 14:55:09] [WARN] HTTP 500 on GetUpcoming (attempt 2)
[2026-04-17 14:55:11] [WARN] HTTP 500 on GetUpcoming (attempt 3)
[2026-04-17 14:55:11] [ERROR] All 3 attempts failed for GetUpcoming
[2026-04-17 14:55:13] [WARN] HTTP 500 on GetUpcoming (attempt 1)
[2026-04-17 14:55:16] [WARN] HTTP 500 on GetUpcoming (attempt 2)
[2026-04-17 14:55:18] [WARN] HTTP 500 on GetUpcoming (attempt 3)
[2026-04-17 14:55:18] [ERROR] All 3 attempts failed for GetUpcoming
[2026-04-17 14:55:19] [WARN] HTTP 500 on GetUpcoming (attempt 1)
[2026-04-17 14:55:21] [WARN] HTTP 500 on GetUpcoming (attempt 2)
[2026-04-17 14:55:23] [WARN] Sync already running for mode: --live
[2026-04-17 14:55:23] [INFO] Live sync done {"events":9,"markets":92,"selections":211,"duration_ms":567}
[2026-04-17 14:55:24] [WARN] HTTP 500 on GetUpcoming (attempt 3)
[2026-04-17 14:55:24] [ERROR] All 3 attempts failed for GetUpcoming
[2026-04-17 14:55:25] [WARN] HTTP 500 on GetUpcoming (attempt 1)
[2026-04-17 14:55:27] [WARN] HTTP 500 on GetUpcoming (attempt 2)
[2026-04-17 14:55:30] [WARN] HTTP 500 on GetUpcoming (attempt 3)
[2026-04-17 14:55:30] [ERROR] All 3 attempts failed for GetUpcoming
[2026-04-17 14:55:30] [WARN] HTTP 500 on GetUpcoming (attempt 1)
[2026-04-17 14:55:33] [WARN] HTTP 500 on GetUpcoming (attempt 2)
[2026-04-17 14:55:35] [WARN] HTTP 500 on GetUpcoming (attempt 3)
[2026-04-17 14:55:35] [ERROR] All 3 attempts failed for GetUpcoming
[2026-04-17 14:55:36] [WARN] HTTP 500 on GetUpcoming (attempt 1)
[2026-04-17 14:55:38] [WARN] HTTP 500 on GetUpcoming (attempt 2)
[2026-04-17 14:55:41] [WARN] HTTP 500 on GetUpcoming (attempt 3)
[2026-04-17 14:55:41] [ERROR] All 3 attempts failed for GetUpcoming
[2026-04-17 14:55:42] [WARN] HTTP 500 on GetUpcoming (attempt 1)
[2026-04-17 14:55:44] [WARN] HTTP 500 on GetUpcoming (attempt 2)
[2026-04-17 14:55:47] [WARN] HTTP 500 on GetUpcoming (attempt 3)
[2026-04-17 14:55:47] [ERROR] All 3 attempts failed for GetUpcoming
[2026-04-17 14:55:47] [WARN] HTTP 500 on GetUpcoming (attempt 1)
[2026-04-17 14:55:50] [WARN] HTTP 500 on GetUpcoming (attempt 2)
[2026-04-17 14:55:52] [WARN] HTTP 500 on GetUpcoming (attempt 3)
[2026-04-17 14:55:52] [ERROR] All 3 attempts failed for GetUpcoming
[2026-04-17 14:55:53] [WARN] HTTP 500 on GetUpcoming (attempt 1)
[2026-04-17 14:55:55] [WARN] HTTP 500 on GetUpcoming (attempt 2)
[2026-04-17 14:55:58] [WARN] HTTP 500 on GetUpcoming (attempt 3)
[2026-04-17 14:55:58] [ERROR] All 3 attempts failed for GetUpcoming
[2026-04-17 14:55:59] [WARN] HTTP 500 on GetUpcoming (attempt 1)
[2026-04-17 14:56:01] [WARN] HTTP 500 on GetUpcoming (attempt 2)
[2026-04-17 14:56:04] [WARN] HTTP 500 on GetUpcoming (attempt 3)
[2026-04-17 14:56:04] [ERROR] All 3 attempts failed for GetUpcoming
[2026-04-17 14:56:04] [WARN] HTTP 500 on GetUpcoming (attempt 1)
[2026-04-17 14:56:07] [WARN] HTTP 500 on GetUpcoming (attempt 2)
[2026-04-17 14:56:09] [WARN] HTTP 500 on GetUpcoming (attempt 3)
[2026-04-17 14:56:09] [ERROR] All 3 attempts failed for GetUpcoming
[2026-04-17 14:56:10] [WARN] HTTP 500 on GetUpcoming (attempt 1)
[2026-04-17 14:56:12] [WARN] HTTP 500 on GetUpcoming (attempt 2)
[2026-04-17 14:56:15] [WARN] HTTP 500 on GetUpcoming (attempt 3)
[2026-04-17 14:56:15] [ERROR] All 3 attempts failed for GetUpcoming
[2026-04-17 14:56:15] [WARN] HTTP 500 on GetUpcoming (attempt 1)
[2026-04-17 14:56:18] [WARN] HTTP 500 on GetUpcoming (attempt 2)
[2026-04-17 14:56:20] [WARN] HTTP 500 on GetUpcoming (attempt 3)
[2026-04-17 14:56:20] [ERROR] All 3 attempts failed for GetUpcoming
[2026-04-17 14:56:21] [WARN] HTTP 500 on GetUpcoming (attempt 1)
[2026-04-17 14:56:23] [WARN] Sync already running for mode: --live
[2026-04-17 14:56:23] [WARN] HTTP 500 on GetUpcoming (attempt 2)
[2026-04-17 14:56:23] [INFO] Live sync done {"events":9,"markets":92,"selections":211,"duration_ms":671}
[2026-04-17 14:56:26] [WARN] HTTP 500 on GetUpcoming (attempt 3)
[2026-04-17 14:56:26] [ERROR] All 3 attempts failed for GetUpcoming
[2026-04-17 14:56:26] [WARN] HTTP 500 on GetUpcoming (attempt 1)
[2026-04-17 14:56:29] [WARN] HTTP 500 on GetUpcoming (attempt 2)
[2026-04-17 14:56:31] [WARN] HTTP 500 on GetUpcoming (attempt 3)
[2026-04-17 14:56:31] [ERROR] All 3 attempts failed for GetUpcoming
[2026-04-17 14:56:32] [WARN] HTTP 500 on GetUpcoming (attempt 1)
[2026-04-17 14:56:34] [WARN] HTTP 500 on GetUpcoming (attempt 2)
[2026-04-17 14:56:37] [WARN] HTTP 500 on GetUpcoming (attempt 3)
[2026-04-17 14:56:37] [ERROR] All 3 attempts failed for GetUpcoming
[2026-04-17 14:56:38] [WARN] HTTP 500 on GetUpcoming (attempt 1)
[2026-04-17 14:56:40] [WARN] HTTP 500 on GetUpcoming (attempt 2)
[2026-04-17 14:56:43] [WARN] HTTP 500 on GetUpcoming (attempt 3)
[2026-04-17 14:56:43] [ERROR] All 3 attempts failed for GetUpcoming
[2026-04-17 14:56:43] [INFO] Upcoming sync done {"events":608,"markets":3201,"selections":8643,"duration_ms":140051}
[2026-04-17 14:57:23] [WARN] Sync already running for mode: --live
[2026-04-17 14:57:24] [INFO] Live sync done {"events":9,"markets":92,"selections":211,"duration_ms":736}
